Terminals unused in grammar

   TK_END
   TK_ERROR
   TK_SWITCH
   TK_CASE
   TK_DEFAULT
   TK_FOR
   TK_EACH
   TK_BREAK
   TK_CONTINUE
   TK_GOTO
   TK_OP_LESS_LESS
   ELSE


State 168 conflicts: 1 shift/reduce


Grammar

    0 $accept: BEGIN $end

    1 BEGIN: START DECLARATIONS MAIN SCOPE

    2 START: /* empty */

    3 MAIN: TK_TYPE_INT TK_MAIN '(' TK_TYPE_VOID ')'
    4     | TK_TYPE_INT TK_MAIN '(' ')'

    5 SCOPE: BEGIN_SCOPE COMMANDS END_SCOPE

    6 BEGIN_SCOPE: '{'

    7 END_SCOPE: '}'

    8 COMMANDS: CONTROL_COMMAND COMMANDS
    9         | /* empty */

   10 CONTROL_COMMAND: COMMAND

   11 COMMAND: E ';'
   12        | RETURN ';'
   13        | COUT ';'
   14        | DECLARATION ';'
   15        | SCOPE
   16        | IF
   17        | WHILE
   18        | DO_WHILE
   19        | ';'

   20 RETURN: TK_RETURN E

   21 IF: TK_IF '(' E ')' COMMAND
   22   | TK_IF '(' E ')' COMMAND TK_ELSE COMMAND

   23 WHILE: TK_WHILE '(' E ')' COMMAND

   24 DO_WHILE: TK_DO COMMAND TK_WHILE '(' E ')' ';'

   25 E: '(' E ')'
   26  | TERMINAL
   27  | ATTRIBUITION
   28  | '(' TYPE ')' TERMINAL
   29  | E TK_OP_SUM E
   30  | E TK_OP_SUB E
   31  | E TK_OP_MUL E
   32  | E TK_OP_DIV E
   33  | E TK_OP_MOD E
   34  | E TK_OP_LOGIC_OR E
   35  | E TK_OP_LOGIC_AND E
   36  | E TK_OP_REL_EQ E
   37  | E TK_OP_REL_DIFF E
   38  | E TK_OP_REL_LESS E
   39  | E TK_OP_REL_GREATER E
   40  | E TK_OP_REL_EQLESS E
   41  | E TK_OP_REL_EQGREATER E
   42  | E TK_OP_BIN_AND E
   43  | E TK_OP_BIN_OR E
   44  | E TK_OP_BIN_XOR E
   45  | E TK_OP_BIN_SHIFTR E
   46  | E TK_OP_BIN_SHIFTL E
   47  | TK_OP_LOGIC_NOT E
   48  | TK_OP_BIN_NOT E
   49  | INCREASE
   50  | PREV_INCREASE

   51 INCREASE: TK_ID TK_OP_INCREASE

   52 PREV_INCREASE: TK_OP_INCREASE TK_ID

   53 ATTRIBUITION: TK_ID TK_ASSIGN E
   54             | OP_ASSIGN

   55 OP_ASSIGN: TK_ID TK_OP_ASSIGN E

   56 COUT: TK_COUT '(' E ')'

   57 DECLARATIONS: DECLARATIONS DECLARATION ';'
   58             | /* empty */

   59 DECLARATION: DECLARATION ',' TK_ID
   60            | DECLARATION ',' TK_ID TK_ASSIGN E
   61            | TYPE TK_ID
   62            | TYPE TK_ID TK_ASSIGN E

   63 TYPE: TK_TYPE_CHAR
   64     | TK_TYPE_STRING
   65     | TK_TYPE_INT
   66     | TK_TYPE_VOID
   67     | TK_TYPE_FLOAT
   68     | TK_TYPE_DOUBLE
   69     | TK_TYPE_BOOL
   70     | TK_MODIFIER_UNSIGNED TK_TYPE_CHAR
   71     | TK_MODIFIER_SIGNED TK_TYPE_CHAR
   72     | TK_MODIFIER_UNSIGNED TK_TYPE_INT
   73     | TK_MODIFIER_SIGNED TK_TYPE_INT
   74     | TK_MODIFIER_SHORT TK_TYPE_INT
   75     | TK_MODIFIER_LONG TK_TYPE_INT
   76     | TK_MODIFIER_LONG TK_TYPE_DOUBLE
   77     | TK_MODIFIER_SHORT
   78     | TK_MODIFIER_LONG
   79     | TK_MODIFIER_UNSIGNED TK_MODIFIER_SHORT TK_TYPE_INT
   80     | TK_MODIFIER_SIGNED TK_MODIFIER_SHORT TK_TYPE_INT
   81     | TK_MODIFIER_UNSIGNED TK_MODIFIER_LONG TK_TYPE_INT
   82     | TK_MODIFIER_SIGNED TK_MODIFIER_LONG TK_TYPE_INT
   83     | TK_MODIFIER_LONG TK_MODIFIER_LONG TK_TYPE_INT
   84     | TK_MODIFIER_UNSIGNED TK_MODIFIER_LONG TK_MODIFIER_LONG TK_TYPE_INT
   85     | TK_MODIFIER_SIGNED TK_MODIFIER_LONG TK_MODIFIER_LONG TK_TYPE_INT
   86     | TK_MODIFIER_UNSIGNED TK_MODIFIER_LONG TK_MODIFIER_LONG
   87     | TK_MODIFIER_SIGNED TK_MODIFIER_LONG TK_MODIFIER_LONG

   88 TERMINAL: TK_INT
   89         | TK_FLOAT
   90         | TK_SCIENTIFIC
   91         | TK_CHAR
   92         | SIGNAL TK_INT
   93         | SIGNAL TK_FLOAT
   94         | SIGNAL TK_SCIENTIFIC
   95         | SIGNAL TK_CHAR
   96         | TK_STRING
   97         | TK_BOOL
   98         | TK_ID
   99         | SIGNAL TK_ID

  100 SIGNAL: TK_OP_SUM
  101       | TK_OP_SUB


Terminals, with rules where they appear

$end (0) 0
'(' (40) 3 4 21 22 23 24 25 28 56
')' (41) 3 4 21 22 23 24 25 28 56
',' (44) 59 60
';' (59) 11 12 13 14 19 24 57
'{' (123) 6
'}' (125) 7
error (256)
TK_INT (258) 88 92
TK_FLOAT (259) 89 93
TK_SCIENTIFIC (260) 90 94
TK_CHAR (261) 91 95
TK_STRING (262) 96
TK_BOOL (263) 97
TK_MAIN (264) 3 4
TK_ID (265) 51 52 53 55 59 60 61 62 98 99
TK_TYPE_CHAR (266) 63 70 71
TK_TYPE_STRING (267) 64
TK_TYPE_INT (268) 3 4 65 72 73 74 75 79 80 81 82 83 84 85
TK_TYPE_VOID (269) 3 66
TK_TYPE_FLOAT (270) 67
TK_TYPE_DOUBLE (271) 68 76
TK_TYPE_BOOL (272) 69
TK_MODIFIER_UNSIGNED (273) 70 72 79 81 84 86
TK_MODIFIER_SIGNED (274) 71 73 80 82 85 87
TK_MODIFIER_SHORT (275) 74 77 79 80
TK_MODIFIER_LONG (276) 75 76 78 81 82 83 84 85 86 87
TK_END (277)
TK_ERROR (278)
TK_OP_SUM (279) 29 100
TK_OP_SUB (280) 30 101
TK_OP_MUL (281) 31
TK_OP_DIV (282) 32
TK_OP_MOD (283) 33
TK_OP_REL_LESS (284) 38
TK_OP_REL_GREATER (285) 39
TK_OP_REL_EQLESS (286) 40
TK_OP_REL_EQGREATER (287) 41
TK_OP_REL_EQ (288) 36
TK_OP_REL_DIFF (289) 37
TK_OP_LOGIC_AND (290) 35
TK_OP_LOGIC_OR (291) 34
TK_OP_LOGIC_NOT (292) 47
TK_OP_BIN_AND (293) 42
TK_OP_BIN_OR (294) 43
TK_OP_BIN_XOR (295) 44
TK_OP_BIN_NOT (296) 48
TK_OP_BIN_SHIFTR (297) 45
TK_OP_BIN_SHIFTL (298) 46
TK_ASSIGN (299) 53 60 62
TK_RETURN (300) 20
TK_COUT (301) 56
TK_IF (302) 21 22
TK_ELSE (303) 22
TK_SWITCH (304)
TK_CASE (305)
TK_DEFAULT (306)
TK_FOR (307)
TK_EACH (308)
TK_WHILE (309) 23 24
TK_DO (310) 24
TK_BREAK (311)
TK_CONTINUE (312)
TK_GOTO (313)
TK_OP_INCREASE (314) 51 52
TK_OP_LESS_LESS (315)
TK_OP_ASSIGN (316) 55
IFX (317)
ELSE (318)


Nonterminals, with rules where they appear

$accept (70)
    on left: 0
BEGIN (71)
    on left: 1, on right: 0
START (72)
    on left: 2, on right: 1
MAIN (73)
    on left: 3 4, on right: 1
SCOPE (74)
    on left: 5, on right: 1 15
BEGIN_SCOPE (75)
    on left: 6, on right: 5
END_SCOPE (76)
    on left: 7, on right: 5
COMMANDS (77)
    on left: 8 9, on right: 5 8
CONTROL_COMMAND (78)
    on left: 10, on right: 8
COMMAND (79)
    on left: 11 12 13 14 15 16 17 18 19, on right: 10 21 22 23 24
RETURN (80)
    on left: 20, on right: 12
IF (81)
    on left: 21 22, on right: 16
WHILE (82)
    on left: 23, on right: 17
DO_WHILE (83)
    on left: 24, on right: 18
E (84)
    on left: 25 26 27 28 29 30 31 32 33 34 35 36 37 38 39 40 41 42
    43 44 45 46 47 48 49 50, on right: 11 20 21 22 23 24 25 29 30 31
    32 33 34 35 36 37 38 39 40 41 42 43 44 45 46 47 48 53 55 56 60
    62
INCREASE (85)
    on left: 51, on right: 49
PREV_INCREASE (86)
    on left: 52, on right: 50
ATTRIBUITION (87)
    on left: 53 54, on right: 27
OP_ASSIGN (88)
    on left: 55, on right: 54
COUT (89)
    on left: 56, on right: 13
DECLARATIONS (90)
    on left: 57 58, on right: 1 57
DECLARATION (91)
    on left: 59 60 61 62, on right: 14 57 59 60
TYPE (92)
    on left: 63 64 65 66 67 68 69 70 71 72 73 74 75 76 77 78 79 80
    81 82 83 84 85 86 87, on right: 28 61 62
TERMINAL (93)
    on left: 88 89 90 91 92 93 94 95 96 97 98 99, on right: 26 28
SIGNAL (94)
    on left: 100 101, on right: 92 93 94 95 99


state 0

    0 $accept: . BEGIN $end

    $default  reduce using rule 2 (START)

    BEGIN  go to state 1
    START  go to state 2


state 1

    0 $accept: BEGIN . $end

    $end  shift, and go to state 3


state 2

    1 BEGIN: START . DECLARATIONS MAIN SCOPE

    $default  reduce using rule 58 (DECLARATIONS)

    DECLARATIONS  go to state 4


state 3

    0 $accept: BEGIN $end .

    $default  accept


state 4

    1 BEGIN: START DECLARATIONS . MAIN SCOPE
   57 DECLARATIONS: DECLARATIONS . DECLARATION ';'

    TK_TYPE_CHAR          shift, and go to state 5
    TK_TYPE_STRING        shift, and go to state 6
    TK_TYPE_INT           shift, and go to state 7
    TK_TYPE_VOID          shift, and go to state 8
    TK_TYPE_FLOAT         shift, and go to state 9
    TK_TYPE_DOUBLE        shift, and go to state 10
    TK_TYPE_BOOL          shift, and go to state 11
    TK_MODIFIER_UNSIGNED  shift, and go to state 12
    TK_MODIFIER_SIGNED    shift, and go to state 13
    TK_MODIFIER_SHORT     shift, and go to state 14
    TK_MODIFIER_LONG      shift, and go to state 15

    MAIN         go to state 16
    DECLARATION  go to state 17
    TYPE         go to state 18


state 5

   63 TYPE: TK_TYPE_CHAR .

    $default  reduce using rule 63 (TYPE)


state 6

   64 TYPE: TK_TYPE_STRING .

    $default  reduce using rule 64 (TYPE)


state 7

    3 MAIN: TK_TYPE_INT . TK_MAIN '(' TK_TYPE_VOID ')'
    4     | TK_TYPE_INT . TK_MAIN '(' ')'
   65 TYPE: TK_TYPE_INT .

    TK_MAIN  shift, and go to state 19

    $default  reduce using rule 65 (TYPE)


state 8

   66 TYPE: TK_TYPE_VOID .

    $default  reduce using rule 66 (TYPE)


state 9

   67 TYPE: TK_TYPE_FLOAT .

    $default  reduce using rule 67 (TYPE)


state 10

   68 TYPE: TK_TYPE_DOUBLE .

    $default  reduce using rule 68 (TYPE)


state 11

   69 TYPE: TK_TYPE_BOOL .

    $default  reduce using rule 69 (TYPE)


state 12

   70 TYPE: TK_MODIFIER_UNSIGNED . TK_TYPE_CHAR
   72     | TK_MODIFIER_UNSIGNED . TK_TYPE_INT
   79     | TK_MODIFIER_UNSIGNED . TK_MODIFIER_SHORT TK_TYPE_INT
   81     | TK_MODIFIER_UNSIGNED . TK_MODIFIER_LONG TK_TYPE_INT
   84     | TK_MODIFIER_UNSIGNED . TK_MODIFIER_LONG TK_MODIFIER_LONG TK_TYPE_INT
   86     | TK_MODIFIER_UNSIGNED . TK_MODIFIER_LONG TK_MODIFIER_LONG

    TK_TYPE_CHAR       shift, and go to state 20
    TK_TYPE_INT        shift, and go to state 21
    TK_MODIFIER_SHORT  shift, and go to state 22
    TK_MODIFIER_LONG   shift, and go to state 23


state 13

   71 TYPE: TK_MODIFIER_SIGNED . TK_TYPE_CHAR
   73     | TK_MODIFIER_SIGNED . TK_TYPE_INT
   80     | TK_MODIFIER_SIGNED . TK_MODIFIER_SHORT TK_TYPE_INT
   82     | TK_MODIFIER_SIGNED . TK_MODIFIER_LONG TK_TYPE_INT
   85     | TK_MODIFIER_SIGNED . TK_MODIFIER_LONG TK_MODIFIER_LONG TK_TYPE_INT
   87     | TK_MODIFIER_SIGNED . TK_MODIFIER_LONG TK_MODIFIER_LONG

    TK_TYPE_CHAR       shift, and go to state 24
    TK_TYPE_INT        shift, and go to state 25
    TK_MODIFIER_SHORT  shift, and go to state 26
    TK_MODIFIER_LONG   shift, and go to state 27


state 14

   74 TYPE: TK_MODIFIER_SHORT . TK_TYPE_INT
   77     | TK_MODIFIER_SHORT .

    TK_TYPE_INT  shift, and go to state 28

    $default  reduce using rule 77 (TYPE)


state 15

   75 TYPE: TK_MODIFIER_LONG . TK_TYPE_INT
   76     | TK_MODIFIER_LONG . TK_TYPE_DOUBLE
   78     | TK_MODIFIER_LONG .
   83     | TK_MODIFIER_LONG . TK_MODIFIER_LONG TK_TYPE_INT

    TK_TYPE_INT       shift, and go to state 29
    TK_TYPE_DOUBLE    shift, and go to state 30
    TK_MODIFIER_LONG  shift, and go to state 31

    $default  reduce using rule 78 (TYPE)


state 16

    1 BEGIN: START DECLARATIONS MAIN . SCOPE

    '{'  shift, and go to state 32

    SCOPE        go to state 33
    BEGIN_SCOPE  go to state 34


state 17

   57 DECLARATIONS: DECLARATIONS DECLARATION . ';'
   59 DECLARATION: DECLARATION . ',' TK_ID
   60            | DECLARATION . ',' TK_ID TK_ASSIGN E

    ';'  shift, and go to state 35
    ','  shift, and go to state 36


state 18

   61 DECLARATION: TYPE . TK_ID
   62            | TYPE . TK_ID TK_ASSIGN E

    TK_ID  shift, and go to state 37


state 19

    3 MAIN: TK_TYPE_INT TK_MAIN . '(' TK_TYPE_VOID ')'
    4     | TK_TYPE_INT TK_MAIN . '(' ')'

    '('  shift, and go to state 38


state 20

   70 TYPE: TK_MODIFIER_UNSIGNED TK_TYPE_CHAR .

    $default  reduce using rule 70 (TYPE)


state 21

   72 TYPE: TK_MODIFIER_UNSIGNED TK_TYPE_INT .

    $default  reduce using rule 72 (TYPE)


state 22

   79 TYPE: TK_MODIFIER_UNSIGNED TK_MODIFIER_SHORT . TK_TYPE_INT

    TK_TYPE_INT  shift, and go to state 39


state 23

   81 TYPE: TK_MODIFIER_UNSIGNED TK_MODIFIER_LONG . TK_TYPE_INT
   84     | TK_MODIFIER_UNSIGNED TK_MODIFIER_LONG . TK_MODIFIER_LONG TK_TYPE_INT
   86     | TK_MODIFIER_UNSIGNED TK_MODIFIER_LONG . TK_MODIFIER_LONG

    TK_TYPE_INT       shift, and go to state 40
    TK_MODIFIER_LONG  shift, and go to state 41


state 24

   71 TYPE: TK_MODIFIER_SIGNED TK_TYPE_CHAR .

    $default  reduce using rule 71 (TYPE)


state 25

   73 TYPE: TK_MODIFIER_SIGNED TK_TYPE_INT .

    $default  reduce using rule 73 (TYPE)


state 26

   80 TYPE: TK_MODIFIER_SIGNED TK_MODIFIER_SHORT . TK_TYPE_INT

    TK_TYPE_INT  shift, and go to state 42


state 27

   82 TYPE: TK_MODIFIER_SIGNED TK_MODIFIER_LONG . TK_TYPE_INT
   85     | TK_MODIFIER_SIGNED TK_MODIFIER_LONG . TK_MODIFIER_LONG TK_TYPE_INT
   87     | TK_MODIFIER_SIGNED TK_MODIFIER_LONG . TK_MODIFIER_LONG

    TK_TYPE_INT       shift, and go to state 43
    TK_MODIFIER_LONG  shift, and go to state 44


state 28

   74 TYPE: TK_MODIFIER_SHORT TK_TYPE_INT .

    $default  reduce using rule 74 (TYPE)


state 29

   75 TYPE: TK_MODIFIER_LONG TK_TYPE_INT .

    $default  reduce using rule 75 (TYPE)


state 30

   76 TYPE: TK_MODIFIER_LONG TK_TYPE_DOUBLE .

    $default  reduce using rule 76 (TYPE)


state 31

   83 TYPE: TK_MODIFIER_LONG TK_MODIFIER_LONG . TK_TYPE_INT

    TK_TYPE_INT  shift, and go to state 45


state 32

    6 BEGIN_SCOPE: '{' .

    $default  reduce using rule 6 (BEGIN_SCOPE)


state 33

    1 BEGIN: START DECLARATIONS MAIN SCOPE .

    $default  reduce using rule 1 (BEGIN)


state 34

    5 SCOPE: BEGIN_SCOPE . COMMANDS END_SCOPE

    TK_INT                shift, and go to state 46
    TK_FLOAT              shift, and go to state 47
    TK_SCIENTIFIC         shift, and go to state 48
    TK_CHAR               shift, and go to state 49
    TK_STRING             shift, and go to state 50
    TK_BOOL               shift, and go to state 51
    TK_ID                 shift, and go to state 52
    TK_TYPE_CHAR          shift, and go to state 5
    TK_TYPE_STRING        shift, and go to state 6
    TK_TYPE_INT           shift, and go to state 53
    TK_TYPE_VOID          shift, and go to state 8
    TK_TYPE_FLOAT         shift, and go to state 9
    TK_TYPE_DOUBLE        shift, and go to state 10
    TK_TYPE_BOOL          shift, and go to state 11
    TK_MODIFIER_UNSIGNED  shift, and go to state 12
    TK_MODIFIER_SIGNED    shift, and go to state 13
    TK_MODIFIER_SHORT     shift, and go to state 14
    TK_MODIFIER_LONG      shift, and go to state 15
    TK_OP_SUM             shift, and go to state 54
    TK_OP_SUB             shift, and go to state 55
    TK_OP_LOGIC_NOT       shift, and go to state 56
    TK_OP_BIN_NOT         shift, and go to state 57
    TK_RETURN             shift, and go to state 58
    TK_COUT               shift, and go to state 59
    TK_IF                 shift, and go to state 60
    TK_WHILE              shift, and go to state 61
    TK_DO                 shift, and go to state 62
    TK_OP_INCREASE        shift, and go to state 63
    '('                   shift, and go to state 64
    '{'                   shift, and go to state 32
    ';'                   shift, and go to state 65

    $default  reduce using rule 9 (COMMANDS)

    SCOPE            go to state 66
    BEGIN_SCOPE      go to state 34
    COMMANDS         go to state 67
    CONTROL_COMMAND  go to state 68
    COMMAND          go to state 69
    RETURN           go to state 70
    IF               go to state 71
    WHILE            go to state 72
    DO_WHILE         go to state 73
    E                go to state 74
    INCREASE         go to state 75
    PREV_INCREASE    go to state 76
    ATTRIBUITION     go to state 77
    OP_ASSIGN        go to state 78
    COUT             go to state 79
    DECLARATION      go to state 80
    TYPE             go to state 18
    TERMINAL         go to state 81
    SIGNAL           go to state 82


state 35

   57 DECLARATIONS: DECLARATIONS DECLARATION ';' .

    $default  reduce using rule 57 (DECLARATIONS)


state 36

   59 DECLARATION: DECLARATION ',' . TK_ID
   60            | DECLARATION ',' . TK_ID TK_ASSIGN E

    TK_ID  shift, and go to state 83


state 37

   61 DECLARATION: TYPE TK_ID .
   62            | TYPE TK_ID . TK_ASSIGN E

    TK_ASSIGN  shift, and go to state 84

    $default  reduce using rule 61 (DECLARATION)


state 38

    3 MAIN: TK_TYPE_INT TK_MAIN '(' . TK_TYPE_VOID ')'
    4     | TK_TYPE_INT TK_MAIN '(' . ')'

    TK_TYPE_VOID  shift, and go to state 85
    ')'           shift, and go to state 86


state 39

   79 TYPE: TK_MODIFIER_UNSIGNED TK_MODIFIER_SHORT TK_TYPE_INT .

    $default  reduce using rule 79 (TYPE)


state 40

   81 TYPE: TK_MODIFIER_UNSIGNED TK_MODIFIER_LONG TK_TYPE_INT .

    $default  reduce using rule 81 (TYPE)


state 41

   84 TYPE: TK_MODIFIER_UNSIGNED TK_MODIFIER_LONG TK_MODIFIER_LONG . TK_TYPE_INT
   86     | TK_MODIFIER_UNSIGNED TK_MODIFIER_LONG TK_MODIFIER_LONG .

    TK_TYPE_INT  shift, and go to state 87

    $default  reduce using rule 86 (TYPE)


state 42

   80 TYPE: TK_MODIFIER_SIGNED TK_MODIFIER_SHORT TK_TYPE_INT .

    $default  reduce using rule 80 (TYPE)


state 43

   82 TYPE: TK_MODIFIER_SIGNED TK_MODIFIER_LONG TK_TYPE_INT .

    $default  reduce using rule 82 (TYPE)


state 44

   85 TYPE: TK_MODIFIER_SIGNED TK_MODIFIER_LONG TK_MODIFIER_LONG . TK_TYPE_INT
   87     | TK_MODIFIER_SIGNED TK_MODIFIER_LONG TK_MODIFIER_LONG .

    TK_TYPE_INT  shift, and go to state 88

    $default  reduce using rule 87 (TYPE)


state 45

   83 TYPE: TK_MODIFIER_LONG TK_MODIFIER_LONG TK_TYPE_INT .

    $default  reduce using rule 83 (TYPE)


state 46

   88 TERMINAL: TK_INT .

    $default  reduce using rule 88 (TERMINAL)


state 47

   89 TERMINAL: TK_FLOAT .

    $default  reduce using rule 89 (TERMINAL)


state 48

   90 TERMINAL: TK_SCIENTIFIC .

    $default  reduce using rule 90 (TERMINAL)


state 49

   91 TERMINAL: TK_CHAR .

    $default  reduce using rule 91 (TERMINAL)


state 50

   96 TERMINAL: TK_STRING .

    $default  reduce using rule 96 (TERMINAL)


state 51

   97 TERMINAL: TK_BOOL .

    $default  reduce using rule 97 (TERMINAL)


state 52

   51 INCREASE: TK_ID . TK_OP_INCREASE
   53 ATTRIBUITION: TK_ID . TK_ASSIGN E
   55 OP_ASSIGN: TK_ID . TK_OP_ASSIGN E
   98 TERMINAL: TK_ID .

    TK_ASSIGN       shift, and go to state 89
    TK_OP_INCREASE  shift, and go to state 90
    TK_OP_ASSIGN    shift, and go to state 91

    $default  reduce using rule 98 (TERMINAL)


state 53

   65 TYPE: TK_TYPE_INT .

    $default  reduce using rule 65 (TYPE)


state 54

  100 SIGNAL: TK_OP_SUM .

    $default  reduce using rule 100 (SIGNAL)


state 55

  101 SIGNAL: TK_OP_SUB .

    $default  reduce using rule 101 (SIGNAL)


state 56

   47 E: TK_OP_LOGIC_NOT . E

    TK_INT           shift, and go to state 46
    TK_FLOAT         shift, and go to state 47
    TK_SCIENTIFIC    shift, and go to state 48
    TK_CHAR          shift, and go to state 49
    TK_STRING        shift, and go to state 50
    TK_BOOL          shift, and go to state 51
    TK_ID            shift, and go to state 52
    TK_OP_SUM        shift, and go to state 54
    TK_OP_SUB        shift, and go to state 55
    TK_OP_LOGIC_NOT  shift, and go to state 56
    TK_OP_BIN_NOT    shift, and go to state 57
    TK_OP_INCREASE   shift, and go to state 63
    '('              shift, and go to state 64

    E              go to state 92
    INCREASE       go to state 75
    PREV_INCREASE  go to state 76
    ATTRIBUITION   go to state 77
    OP_ASSIGN      go to state 78
    TERMINAL       go to state 81
    SIGNAL         go to state 82


state 57

   48 E: TK_OP_BIN_NOT . E

    TK_INT           shift, and go to state 46
    TK_FLOAT         shift, and go to state 47
    TK_SCIENTIFIC    shift, and go to state 48
    TK_CHAR          shift, and go to state 49
    TK_STRING        shift, and go to state 50
    TK_BOOL          shift, and go to state 51
    TK_ID            shift, and go to state 52
    TK_OP_SUM        shift, and go to state 54
    TK_OP_SUB        shift, and go to state 55
    TK_OP_LOGIC_NOT  shift, and go to state 56
    TK_OP_BIN_NOT    shift, and go to state 57
    TK_OP_INCREASE   shift, and go to state 63
    '('              shift, and go to state 64

    E              go to state 93
    INCREASE       go to state 75
    PREV_INCREASE  go to state 76
    ATTRIBUITION   go to state 77
    OP_ASSIGN      go to state 78
    TERMINAL       go to state 81
    SIGNAL         go to state 82


state 58

   20 RETURN: TK_RETURN . E

    TK_INT           shift, and go to state 46
    TK_FLOAT         shift, and go to state 47
    TK_SCIENTIFIC    shift, and go to state 48
    TK_CHAR          shift, and go to state 49
    TK_STRING        shift, and go to state 50
    TK_BOOL          shift, and go to state 51
    TK_ID            shift, and go to state 52
    TK_OP_SUM        shift, and go to state 54
    TK_OP_SUB        shift, and go to state 55
    TK_OP_LOGIC_NOT  shift, and go to state 56
    TK_OP_BIN_NOT    shift, and go to state 57
    TK_OP_INCREASE   shift, and go to state 63
    '('              shift, and go to state 64

    E              go to state 94
    INCREASE       go to state 75
    PREV_INCREASE  go to state 76
    ATTRIBUITION   go to state 77
    OP_ASSIGN      go to state 78
    TERMINAL       go to state 81
    SIGNAL         go to state 82


state 59

   56 COUT: TK_COUT . '(' E ')'

    '('  shift, and go to state 95


state 60

   21 IF: TK_IF . '(' E ')' COMMAND
   22   | TK_IF . '(' E ')' COMMAND TK_ELSE COMMAND

    '('  shift, and go to state 96


state 61

   23 WHILE: TK_WHILE . '(' E ')' COMMAND

    '('  shift, and go to state 97


state 62

   24 DO_WHILE: TK_DO . COMMAND TK_WHILE '(' E ')' ';'

    TK_INT                shift, and go to state 46
    TK_FLOAT              shift, and go to state 47
    TK_SCIENTIFIC         shift, and go to state 48
    TK_CHAR               shift, and go to state 49
    TK_STRING             shift, and go to state 50
    TK_BOOL               shift, and go to state 51
    TK_ID                 shift, and go to state 52
    TK_TYPE_CHAR          shift, and go to state 5
    TK_TYPE_STRING        shift, and go to state 6
    TK_TYPE_INT           shift, and go to state 53
    TK_TYPE_VOID          shift, and go to state 8
    TK_TYPE_FLOAT         shift, and go to state 9
    TK_TYPE_DOUBLE        shift, and go to state 10
    TK_TYPE_BOOL          shift, and go to state 11
    TK_MODIFIER_UNSIGNED  shift, and go to state 12
    TK_MODIFIER_SIGNED    shift, and go to state 13
    TK_MODIFIER_SHORT     shift, and go to state 14
    TK_MODIFIER_LONG      shift, and go to state 15
    TK_OP_SUM             shift, and go to state 54
    TK_OP_SUB             shift, and go to state 55
    TK_OP_LOGIC_NOT       shift, and go to state 56
    TK_OP_BIN_NOT         shift, and go to state 57
    TK_RETURN             shift, and go to state 58
    TK_COUT               shift, and go to state 59
    TK_IF                 shift, and go to state 60
    TK_WHILE              shift, and go to state 61
    TK_DO                 shift, and go to state 62
    TK_OP_INCREASE        shift, and go to state 63
    '('                   shift, and go to state 64
    '{'                   shift, and go to state 32
    ';'                   shift, and go to state 65

    SCOPE          go to state 66
    BEGIN_SCOPE    go to state 34
    COMMAND        go to state 98
    RETURN         go to state 70
    IF             go to state 71
    WHILE          go to state 72
    DO_WHILE       go to state 73
    E              go to state 74
    INCREASE       go to state 75
    PREV_INCREASE  go to state 76
    ATTRIBUITION   go to state 77
    OP_ASSIGN      go to state 78
    COUT           go to state 79
    DECLARATION    go to state 80
    TYPE           go to state 18
    TERMINAL       go to state 81
    SIGNAL         go to state 82


state 63

   52 PREV_INCREASE: TK_OP_INCREASE . TK_ID

    TK_ID  shift, and go to state 99


state 64

   25 E: '(' . E ')'
   28  | '(' . TYPE ')' TERMINAL

    TK_INT                shift, and go to state 46
    TK_FLOAT              shift, and go to state 47
    TK_SCIENTIFIC         shift, and go to state 48
    TK_CHAR               shift, and go to state 49
    TK_STRING             shift, and go to state 50
    TK_BOOL               shift, and go to state 51
    TK_ID                 shift, and go to state 52
    TK_TYPE_CHAR          shift, and go to state 5
    TK_TYPE_STRING        shift, and go to state 6
    TK_TYPE_INT           shift, and go to state 53
    TK_TYPE_VOID          shift, and go to state 8
    TK_TYPE_FLOAT         shift, and go to state 9
    TK_TYPE_DOUBLE        shift, and go to state 10
    TK_TYPE_BOOL          shift, and go to state 11
    TK_MODIFIER_UNSIGNED  shift, and go to state 12
    TK_MODIFIER_SIGNED    shift, and go to state 13
    TK_MODIFIER_SHORT     shift, and go to state 14
    TK_MODIFIER_LONG      shift, and go to state 15
    TK_OP_SUM             shift, and go to state 54
    TK_OP_SUB             shift, and go to state 55
    TK_OP_LOGIC_NOT       shift, and go to state 56
    TK_OP_BIN_NOT         shift, and go to state 57
    TK_OP_INCREASE        shift, and go to state 63
    '('                   shift, and go to state 64

    E              go to state 100
    INCREASE       go to state 75
    PREV_INCREASE  go to state 76
    ATTRIBUITION   go to state 77
    OP_ASSIGN      go to state 78
    TYPE           go to state 101
    TERMINAL       go to state 81
    SIGNAL         go to state 82


state 65

   19 COMMAND: ';' .

    $default  reduce using rule 19 (COMMAND)


state 66

   15 COMMAND: SCOPE .

    $default  reduce using rule 15 (COMMAND)


state 67

    5 SCOPE: BEGIN_SCOPE COMMANDS . END_SCOPE

    '}'  shift, and go to state 102

    END_SCOPE  go to state 103


state 68

    8 COMMANDS: CONTROL_COMMAND . COMMANDS

    TK_INT                shift, and go to state 46
    TK_FLOAT              shift, and go to state 47
    TK_SCIENTIFIC         shift, and go to state 48
    TK_CHAR               shift, and go to state 49
    TK_STRING             shift, and go to state 50
    TK_BOOL               shift, and go to state 51
    TK_ID                 shift, and go to state 52
    TK_TYPE_CHAR          shift, and go to state 5
    TK_TYPE_STRING        shift, and go to state 6
    TK_TYPE_INT           shift, and go to state 53
    TK_TYPE_VOID          shift, and go to state 8
    TK_TYPE_FLOAT         shift, and go to state 9
    TK_TYPE_DOUBLE        shift, and go to state 10
    TK_TYPE_BOOL          shift, and go to state 11
    TK_MODIFIER_UNSIGNED  shift, and go to state 12
    TK_MODIFIER_SIGNED    shift, and go to state 13
    TK_MODIFIER_SHORT     shift, and go to state 14
    TK_MODIFIER_LONG      shift, and go to state 15
    TK_OP_SUM             shift, and go to state 54
    TK_OP_SUB             shift, and go to state 55
    TK_OP_LOGIC_NOT       shift, and go to state 56
    TK_OP_BIN_NOT         shift, and go to state 57
    TK_RETURN             shift, and go to state 58
    TK_COUT               shift, and go to state 59
    TK_IF                 shift, and go to state 60
    TK_WHILE              shift, and go to state 61
    TK_DO                 shift, and go to state 62
    TK_OP_INCREASE        shift, and go to state 63
    '('                   shift, and go to state 64
    '{'                   shift, and go to state 32
    ';'                   shift, and go to state 65

    $default  reduce using rule 9 (COMMANDS)

    SCOPE            go to state 66
    BEGIN_SCOPE      go to state 34
    COMMANDS         go to state 104
    CONTROL_COMMAND  go to state 68
    COMMAND          go to state 69
    RETURN           go to state 70
    IF               go to state 71
    WHILE            go to state 72
    DO_WHILE         go to state 73
    E                go to state 74
    INCREASE         go to state 75
    PREV_INCREASE    go to state 76
    ATTRIBUITION     go to state 77
    OP_ASSIGN        go to state 78
    COUT             go to state 79
    DECLARATION      go to state 80
    TYPE             go to state 18
    TERMINAL         go to state 81
    SIGNAL           go to state 82


state 69

   10 CONTROL_COMMAND: COMMAND .

    $default  reduce using rule 10 (CONTROL_COMMAND)


state 70

   12 COMMAND: RETURN . ';'

    ';'  shift, and go to state 105


state 71

   16 COMMAND: IF .

    $default  reduce using rule 16 (COMMAND)


state 72

   17 COMMAND: WHILE .

    $default  reduce using rule 17 (COMMAND)


state 73

   18 COMMAND: DO_WHILE .

    $default  reduce using rule 18 (COMMAND)


state 74

   11 COMMAND: E . ';'
   29 E: E . TK_OP_SUM E
   30  | E . TK_OP_SUB E
   31  | E . TK_OP_MUL E
   32  | E . TK_OP_DIV E
   33  | E . TK_OP_MOD E
   34  | E . TK_OP_LOGIC_OR E
   35  | E . TK_OP_LOGIC_AND E
   36  | E . TK_OP_REL_EQ E
   37  | E . TK_OP_REL_DIFF E
   38  | E . TK_OP_REL_LESS E
   39  | E . TK_OP_REL_GREATER E
   40  | E . TK_OP_REL_EQLESS E
   41  | E . TK_OP_REL_EQGREATER E
   42  | E . TK_OP_BIN_AND E
   43  | E . TK_OP_BIN_OR E
   44  | E . TK_OP_BIN_XOR E
   45  | E . TK_OP_BIN_SHIFTR E
   46  | E . TK_OP_BIN_SHIFTL E

    TK_OP_SUM            shift, and go to state 106
    TK_OP_SUB            shift, and go to state 107
    TK_OP_MUL            shift, and go to state 108
    TK_OP_DIV            shift, and go to state 109
    TK_OP_MOD            shift, and go to state 110
    TK_OP_REL_LESS       shift, and go to state 111
    TK_OP_REL_GREATER    shift, and go to state 112
    TK_OP_REL_EQLESS     shift, and go to state 113
    TK_OP_REL_EQGREATER  shift, and go to state 114
    TK_OP_REL_EQ         shift, and go to state 115
    TK_OP_REL_DIFF       shift, and go to state 116
    TK_OP_LOGIC_AND      shift, and go to state 117
    TK_OP_LOGIC_OR       shift, and go to state 118
    TK_OP_BIN_AND        shift, and go to state 119
    TK_OP_BIN_OR         shift, and go to state 120
    TK_OP_BIN_XOR        shift, and go to state 121
    TK_OP_BIN_SHIFTR     shift, and go to state 122
    TK_OP_BIN_SHIFTL     shift, and go to state 123
    ';'                  shift, and go to state 124


state 75

   49 E: INCREASE .

    $default  reduce using rule 49 (E)


state 76

   50 E: PREV_INCREASE .

    $default  reduce using rule 50 (E)


state 77

   27 E: ATTRIBUITION .

    $default  reduce using rule 27 (E)


state 78

   54 ATTRIBUITION: OP_ASSIGN .

    $default  reduce using rule 54 (ATTRIBUITION)


state 79

   13 COMMAND: COUT . ';'

    ';'  shift, and go to state 125


state 80

   14 COMMAND: DECLARATION . ';'
   59 DECLARATION: DECLARATION . ',' TK_ID
   60            | DECLARATION . ',' TK_ID TK_ASSIGN E

    ';'  shift, and go to state 126
    ','  shift, and go to state 36


state 81

   26 E: TERMINAL .

    $default  reduce using rule 26 (E)


state 82

   92 TERMINAL: SIGNAL . TK_INT
   93         | SIGNAL . TK_FLOAT
   94         | SIGNAL . TK_SCIENTIFIC
   95         | SIGNAL . TK_CHAR
   99         | SIGNAL . TK_ID

    TK_INT         shift, and go to state 127
    TK_FLOAT       shift, and go to state 128
    TK_SCIENTIFIC  shift, and go to state 129
    TK_CHAR        shift, and go to state 130
    TK_ID          shift, and go to state 131


state 83

   59 DECLARATION: DECLARATION ',' TK_ID .
   60            | DECLARATION ',' TK_ID . TK_ASSIGN E

    TK_ASSIGN  shift, and go to state 132

    $default  reduce using rule 59 (DECLARATION)


state 84

   62 DECLARATION: TYPE TK_ID TK_ASSIGN . E

    TK_INT           shift, and go to state 46
    TK_FLOAT         shift, and go to state 47
    TK_SCIENTIFIC    shift, and go to state 48
    TK_CHAR          shift, and go to state 49
    TK_STRING        shift, and go to state 50
    TK_BOOL          shift, and go to state 51
    TK_ID            shift, and go to state 52
    TK_OP_SUM        shift, and go to state 54
    TK_OP_SUB        shift, and go to state 55
    TK_OP_LOGIC_NOT  shift, and go to state 56
    TK_OP_BIN_NOT    shift, and go to state 57
    TK_OP_INCREASE   shift, and go to state 63
    '('              shift, and go to state 64

    E              go to state 133
    INCREASE       go to state 75
    PREV_INCREASE  go to state 76
    ATTRIBUITION   go to state 77
    OP_ASSIGN      go to state 78
    TERMINAL       go to state 81
    SIGNAL         go to state 82


state 85

    3 MAIN: TK_TYPE_INT TK_MAIN '(' TK_TYPE_VOID . ')'

    ')'  shift, and go to state 134


state 86

    4 MAIN: TK_TYPE_INT TK_MAIN '(' ')' .

    $default  reduce using rule 4 (MAIN)


state 87

   84 TYPE: TK_MODIFIER_UNSIGNED TK_MODIFIER_LONG TK_MODIFIER_LONG TK_TYPE_INT .

    $default  reduce using rule 84 (TYPE)


state 88

   85 TYPE: TK_MODIFIER_SIGNED TK_MODIFIER_LONG TK_MODIFIER_LONG TK_TYPE_INT .

    $default  reduce using rule 85 (TYPE)


state 89

   53 ATTRIBUITION: TK_ID TK_ASSIGN . E

    TK_INT           shift, and go to state 46
    TK_FLOAT         shift, and go to state 47
    TK_SCIENTIFIC    shift, and go to state 48
    TK_CHAR          shift, and go to state 49
    TK_STRING        shift, and go to state 50
    TK_BOOL          shift, and go to state 51
    TK_ID            shift, and go to state 52
    TK_OP_SUM        shift, and go to state 54
    TK_OP_SUB        shift, and go to state 55
    TK_OP_LOGIC_NOT  shift, and go to state 56
    TK_OP_BIN_NOT    shift, and go to state 57
    TK_OP_INCREASE   shift, and go to state 63
    '('              shift, and go to state 64

    E              go to state 135
    INCREASE       go to state 75
    PREV_INCREASE  go to state 76
    ATTRIBUITION   go to state 77
    OP_ASSIGN      go to state 78
    TERMINAL       go to state 81
    SIGNAL         go to state 82


state 90

   51 INCREASE: TK_ID TK_OP_INCREASE .

    $default  reduce using rule 51 (INCREASE)


state 91

   55 OP_ASSIGN: TK_ID TK_OP_ASSIGN . E

    TK_INT           shift, and go to state 46
    TK_FLOAT         shift, and go to state 47
    TK_SCIENTIFIC    shift, and go to state 48
    TK_CHAR          shift, and go to state 49
    TK_STRING        shift, and go to state 50
    TK_BOOL          shift, and go to state 51
    TK_ID            shift, and go to state 52
    TK_OP_SUM        shift, and go to state 54
    TK_OP_SUB        shift, and go to state 55
    TK_OP_LOGIC_NOT  shift, and go to state 56
    TK_OP_BIN_NOT    shift, and go to state 57
    TK_OP_INCREASE   shift, and go to state 63
    '('              shift, and go to state 64

    E              go to state 136
    INCREASE       go to state 75
    PREV_INCREASE  go to state 76
    ATTRIBUITION   go to state 77
    OP_ASSIGN      go to state 78
    TERMINAL       go to state 81
    SIGNAL         go to state 82


state 92

   29 E: E . TK_OP_SUM E
   30  | E . TK_OP_SUB E
   31  | E . TK_OP_MUL E
   32  | E . TK_OP_DIV E
   33  | E . TK_OP_MOD E
   34  | E . TK_OP_LOGIC_OR E
   35  | E . TK_OP_LOGIC_AND E
   36  | E . TK_OP_REL_EQ E
   37  | E . TK_OP_REL_DIFF E
   38  | E . TK_OP_REL_LESS E
   39  | E . TK_OP_REL_GREATER E
   40  | E . TK_OP_REL_EQLESS E
   41  | E . TK_OP_REL_EQGREATER E
   42  | E . TK_OP_BIN_AND E
   43  | E . TK_OP_BIN_OR E
   44  | E . TK_OP_BIN_XOR E
   45  | E . TK_OP_BIN_SHIFTR E
   46  | E . TK_OP_BIN_SHIFTL E
   47  | TK_OP_LOGIC_NOT E .

    $default  reduce using rule 47 (E)


state 93

   29 E: E . TK_OP_SUM E
   30  | E . TK_OP_SUB E
   31  | E . TK_OP_MUL E
   32  | E . TK_OP_DIV E
   33  | E . TK_OP_MOD E
   34  | E . TK_OP_LOGIC_OR E
   35  | E . TK_OP_LOGIC_AND E
   36  | E . TK_OP_REL_EQ E
   37  | E . TK_OP_REL_DIFF E
   38  | E . TK_OP_REL_LESS E
   39  | E . TK_OP_REL_GREATER E
   40  | E . TK_OP_REL_EQLESS E
   41  | E . TK_OP_REL_EQGREATER E
   42  | E . TK_OP_BIN_AND E
   43  | E . TK_OP_BIN_OR E
   44  | E . TK_OP_BIN_XOR E
   45  | E . TK_OP_BIN_SHIFTR E
   46  | E . TK_OP_BIN_SHIFTL E
   48  | TK_OP_BIN_NOT E .

    $default  reduce using rule 48 (E)


state 94

   20 RETURN: TK_RETURN E .
   29 E: E . TK_OP_SUM E
   30  | E . TK_OP_SUB E
   31  | E . TK_OP_MUL E
   32  | E . TK_OP_DIV E
   33  | E . TK_OP_MOD E
   34  | E . TK_OP_LOGIC_OR E
   35  | E . TK_OP_LOGIC_AND E
   36  | E . TK_OP_REL_EQ E
   37  | E . TK_OP_REL_DIFF E
   38  | E . TK_OP_REL_LESS E
   39  | E . TK_OP_REL_GREATER E
   40  | E . TK_OP_REL_EQLESS E
   41  | E . TK_OP_REL_EQGREATER E
   42  | E . TK_OP_BIN_AND E
   43  | E . TK_OP_BIN_OR E
   44  | E . TK_OP_BIN_XOR E
   45  | E . TK_OP_BIN_SHIFTR E
   46  | E . TK_OP_BIN_SHIFTL E

    TK_OP_SUM            shift, and go to state 106
    TK_OP_SUB            shift, and go to state 107
    TK_OP_MUL            shift, and go to state 108
    TK_OP_DIV            shift, and go to state 109
    TK_OP_MOD            shift, and go to state 110
    TK_OP_REL_LESS       shift, and go to state 111
    TK_OP_REL_GREATER    shift, and go to state 112
    TK_OP_REL_EQLESS     shift, and go to state 113
    TK_OP_REL_EQGREATER  shift, and go to state 114
    TK_OP_REL_EQ         shift, and go to state 115
    TK_OP_REL_DIFF       shift, and go to state 116
    TK_OP_LOGIC_AND      shift, and go to state 117
    TK_OP_LOGIC_OR       shift, and go to state 118
    TK_OP_BIN_AND        shift, and go to state 119
    TK_OP_BIN_OR         shift, and go to state 120
    TK_OP_BIN_XOR        shift, and go to state 121
    TK_OP_BIN_SHIFTR     shift, and go to state 122
    TK_OP_BIN_SHIFTL     shift, and go to state 123

    $default  reduce using rule 20 (RETURN)


state 95

   56 COUT: TK_COUT '(' . E ')'

    TK_INT           shift, and go to state 46
    TK_FLOAT         shift, and go to state 47
    TK_SCIENTIFIC    shift, and go to state 48
    TK_CHAR          shift, and go to state 49
    TK_STRING        shift, and go to state 50
    TK_BOOL          shift, and go to state 51
    TK_ID            shift, and go to state 52
    TK_OP_SUM        shift, and go to state 54
    TK_OP_SUB        shift, and go to state 55
    TK_OP_LOGIC_NOT  shift, and go to state 56
    TK_OP_BIN_NOT    shift, and go to state 57
    TK_OP_INCREASE   shift, and go to state 63
    '('              shift, and go to state 64

    E              go to state 137
    INCREASE       go to state 75
    PREV_INCREASE  go to state 76
    ATTRIBUITION   go to state 77
    OP_ASSIGN      go to state 78
    TERMINAL       go to state 81
    SIGNAL         go to state 82


state 96

   21 IF: TK_IF '(' . E ')' COMMAND
   22   | TK_IF '(' . E ')' COMMAND TK_ELSE COMMAND

    TK_INT           shift, and go to state 46
    TK_FLOAT         shift, and go to state 47
    TK_SCIENTIFIC    shift, and go to state 48
    TK_CHAR          shift, and go to state 49
    TK_STRING        shift, and go to state 50
    TK_BOOL          shift, and go to state 51
    TK_ID            shift, and go to state 52
    TK_OP_SUM        shift, and go to state 54
    TK_OP_SUB        shift, and go to state 55
    TK_OP_LOGIC_NOT  shift, and go to state 56
    TK_OP_BIN_NOT    shift, and go to state 57
    TK_OP_INCREASE   shift, and go to state 63
    '('              shift, and go to state 64

    E              go to state 138
    INCREASE       go to state 75
    PREV_INCREASE  go to state 76
    ATTRIBUITION   go to state 77
    OP_ASSIGN      go to state 78
    TERMINAL       go to state 81
    SIGNAL         go to state 82


state 97

   23 WHILE: TK_WHILE '(' . E ')' COMMAND

    TK_INT           shift, and go to state 46
    TK_FLOAT         shift, and go to state 47
    TK_SCIENTIFIC    shift, and go to state 48
    TK_CHAR          shift, and go to state 49
    TK_STRING        shift, and go to state 50
    TK_BOOL          shift, and go to state 51
    TK_ID            shift, and go to state 52
    TK_OP_SUM        shift, and go to state 54
    TK_OP_SUB        shift, and go to state 55
    TK_OP_LOGIC_NOT  shift, and go to state 56
    TK_OP_BIN_NOT    shift, and go to state 57
    TK_OP_INCREASE   shift, and go to state 63
    '('              shift, and go to state 64

    E              go to state 139
    INCREASE       go to state 75
    PREV_INCREASE  go to state 76
    ATTRIBUITION   go to state 77
    OP_ASSIGN      go to state 78
    TERMINAL       go to state 81
    SIGNAL         go to state 82


state 98

   24 DO_WHILE: TK_DO COMMAND . TK_WHILE '(' E ')' ';'

    TK_WHILE  shift, and go to state 140


state 99

   52 PREV_INCREASE: TK_OP_INCREASE TK_ID .

    $default  reduce using rule 52 (PREV_INCREASE)


state 100

   25 E: '(' E . ')'
   29  | E . TK_OP_SUM E
   30  | E . TK_OP_SUB E
   31  | E . TK_OP_MUL E
   32  | E . TK_OP_DIV E
   33  | E . TK_OP_MOD E
   34  | E . TK_OP_LOGIC_OR E
   35  | E . TK_OP_LOGIC_AND E
   36  | E . TK_OP_REL_EQ E
   37  | E . TK_OP_REL_DIFF E
   38  | E . TK_OP_REL_LESS E
   39  | E . TK_OP_REL_GREATER E
   40  | E . TK_OP_REL_EQLESS E
   41  | E . TK_OP_REL_EQGREATER E
   42  | E . TK_OP_BIN_AND E
   43  | E . TK_OP_BIN_OR E
   44  | E . TK_OP_BIN_XOR E
   45  | E . TK_OP_BIN_SHIFTR E
   46  | E . TK_OP_BIN_SHIFTL E

    TK_OP_SUM            shift, and go to state 106
    TK_OP_SUB            shift, and go to state 107
    TK_OP_MUL            shift, and go to state 108
    TK_OP_DIV            shift, and go to state 109
    TK_OP_MOD            shift, and go to state 110
    TK_OP_REL_LESS       shift, and go to state 111
    TK_OP_REL_GREATER    shift, and go to state 112
    TK_OP_REL_EQLESS     shift, and go to state 113
    TK_OP_REL_EQGREATER  shift, and go to state 114
    TK_OP_REL_EQ         shift, and go to state 115
    TK_OP_REL_DIFF       shift, and go to state 116
    TK_OP_LOGIC_AND      shift, and go to state 117
    TK_OP_LOGIC_OR       shift, and go to state 118
    TK_OP_BIN_AND        shift, and go to state 119
    TK_OP_BIN_OR         shift, and go to state 120
    TK_OP_BIN_XOR        shift, and go to state 121
    TK_OP_BIN_SHIFTR     shift, and go to state 122
    TK_OP_BIN_SHIFTL     shift, and go to state 123
    ')'                  shift, and go to state 141


state 101

   28 E: '(' TYPE . ')' TERMINAL

    ')'  shift, and go to state 142


state 102

    7 END_SCOPE: '}' .

    $default  reduce using rule 7 (END_SCOPE)


state 103

    5 SCOPE: BEGIN_SCOPE COMMANDS END_SCOPE .

    $default  reduce using rule 5 (SCOPE)


state 104

    8 COMMANDS: CONTROL_COMMAND COMMANDS .

    $default  reduce using rule 8 (COMMANDS)


state 105

   12 COMMAND: RETURN ';' .

    $default  reduce using rule 12 (COMMAND)


state 106

   29 E: E TK_OP_SUM . E

    TK_INT           shift, and go to state 46
    TK_FLOAT         shift, and go to state 47
    TK_SCIENTIFIC    shift, and go to state 48
    TK_CHAR          shift, and go to state 49
    TK_STRING        shift, and go to state 50
    TK_BOOL          shift, and go to state 51
    TK_ID            shift, and go to state 52
    TK_OP_SUM        shift, and go to state 54
    TK_OP_SUB        shift, and go to state 55
    TK_OP_LOGIC_NOT  shift, and go to state 56
    TK_OP_BIN_NOT    shift, and go to state 57
    TK_OP_INCREASE   shift, and go to state 63
    '('              shift, and go to state 64

    E              go to state 143
    INCREASE       go to state 75
    PREV_INCREASE  go to state 76
    ATTRIBUITION   go to state 77
    OP_ASSIGN      go to state 78
    TERMINAL       go to state 81
    SIGNAL         go to state 82


state 107

   30 E: E TK_OP_SUB . E

    TK_INT           shift, and go to state 46
    TK_FLOAT         shift, and go to state 47
    TK_SCIENTIFIC    shift, and go to state 48
    TK_CHAR          shift, and go to state 49
    TK_STRING        shift, and go to state 50
    TK_BOOL          shift, and go to state 51
    TK_ID            shift, and go to state 52
    TK_OP_SUM        shift, and go to state 54
    TK_OP_SUB        shift, and go to state 55
    TK_OP_LOGIC_NOT  shift, and go to state 56
    TK_OP_BIN_NOT    shift, and go to state 57
    TK_OP_INCREASE   shift, and go to state 63
    '('              shift, and go to state 64

    E              go to state 144
    INCREASE       go to state 75
    PREV_INCREASE  go to state 76
    ATTRIBUITION   go to state 77
    OP_ASSIGN      go to state 78
    TERMINAL       go to state 81
    SIGNAL         go to state 82


state 108

   31 E: E TK_OP_MUL . E

    TK_INT           shift, and go to state 46
    TK_FLOAT         shift, and go to state 47
    TK_SCIENTIFIC    shift, and go to state 48
    TK_CHAR          shift, and go to state 49
    TK_STRING        shift, and go to state 50
    TK_BOOL          shift, and go to state 51
    TK_ID            shift, and go to state 52
    TK_OP_SUM        shift, and go to state 54
    TK_OP_SUB        shift, and go to state 55
    TK_OP_LOGIC_NOT  shift, and go to state 56
    TK_OP_BIN_NOT    shift, and go to state 57
    TK_OP_INCREASE   shift, and go to state 63
    '('              shift, and go to state 64

    E              go to state 145
    INCREASE       go to state 75
    PREV_INCREASE  go to state 76
    ATTRIBUITION   go to state 77
    OP_ASSIGN      go to state 78
    TERMINAL       go to state 81
    SIGNAL         go to state 82


state 109

   32 E: E TK_OP_DIV . E

    TK_INT           shift, and go to state 46
    TK_FLOAT         shift, and go to state 47
    TK_SCIENTIFIC    shift, and go to state 48
    TK_CHAR          shift, and go to state 49
    TK_STRING        shift, and go to state 50
    TK_BOOL          shift, and go to state 51
    TK_ID            shift, and go to state 52
    TK_OP_SUM        shift, and go to state 54
    TK_OP_SUB        shift, and go to state 55
    TK_OP_LOGIC_NOT  shift, and go to state 56
    TK_OP_BIN_NOT    shift, and go to state 57
    TK_OP_INCREASE   shift, and go to state 63
    '('              shift, and go to state 64

    E              go to state 146
    INCREASE       go to state 75
    PREV_INCREASE  go to state 76
    ATTRIBUITION   go to state 77
    OP_ASSIGN      go to state 78
    TERMINAL       go to state 81
    SIGNAL         go to state 82


state 110

   33 E: E TK_OP_MOD . E

    TK_INT           shift, and go to state 46
    TK_FLOAT         shift, and go to state 47
    TK_SCIENTIFIC    shift, and go to state 48
    TK_CHAR          shift, and go to state 49
    TK_STRING        shift, and go to state 50
    TK_BOOL          shift, and go to state 51
    TK_ID            shift, and go to state 52
    TK_OP_SUM        shift, and go to state 54
    TK_OP_SUB        shift, and go to state 55
    TK_OP_LOGIC_NOT  shift, and go to state 56
    TK_OP_BIN_NOT    shift, and go to state 57
    TK_OP_INCREASE   shift, and go to state 63
    '('              shift, and go to state 64

    E              go to state 147
    INCREASE       go to state 75
    PREV_INCREASE  go to state 76
    ATTRIBUITION   go to state 77
    OP_ASSIGN      go to state 78
    TERMINAL       go to state 81
    SIGNAL         go to state 82


state 111

   38 E: E TK_OP_REL_LESS . E

    TK_INT           shift, and go to state 46
    TK_FLOAT         shift, and go to state 47
    TK_SCIENTIFIC    shift, and go to state 48
    TK_CHAR          shift, and go to state 49
    TK_STRING        shift, and go to state 50
    TK_BOOL          shift, and go to state 51
    TK_ID            shift, and go to state 52
    TK_OP_SUM        shift, and go to state 54
    TK_OP_SUB        shift, and go to state 55
    TK_OP_LOGIC_NOT  shift, and go to state 56
    TK_OP_BIN_NOT    shift, and go to state 57
    TK_OP_INCREASE   shift, and go to state 63
    '('              shift, and go to state 64

    E              go to state 148
    INCREASE       go to state 75
    PREV_INCREASE  go to state 76
    ATTRIBUITION   go to state 77
    OP_ASSIGN      go to state 78
    TERMINAL       go to state 81
    SIGNAL         go to state 82


state 112

   39 E: E TK_OP_REL_GREATER . E

    TK_INT           shift, and go to state 46
    TK_FLOAT         shift, and go to state 47
    TK_SCIENTIFIC    shift, and go to state 48
    TK_CHAR          shift, and go to state 49
    TK_STRING        shift, and go to state 50
    TK_BOOL          shift, and go to state 51
    TK_ID            shift, and go to state 52
    TK_OP_SUM        shift, and go to state 54
    TK_OP_SUB        shift, and go to state 55
    TK_OP_LOGIC_NOT  shift, and go to state 56
    TK_OP_BIN_NOT    shift, and go to state 57
    TK_OP_INCREASE   shift, and go to state 63
    '('              shift, and go to state 64

    E              go to state 149
    INCREASE       go to state 75
    PREV_INCREASE  go to state 76
    ATTRIBUITION   go to state 77
    OP_ASSIGN      go to state 78
    TERMINAL       go to state 81
    SIGNAL         go to state 82


state 113

   40 E: E TK_OP_REL_EQLESS . E

    TK_INT           shift, and go to state 46
    TK_FLOAT         shift, and go to state 47
    TK_SCIENTIFIC    shift, and go to state 48
    TK_CHAR          shift, and go to state 49
    TK_STRING        shift, and go to state 50
    TK_BOOL          shift, and go to state 51
    TK_ID            shift, and go to state 52
    TK_OP_SUM        shift, and go to state 54
    TK_OP_SUB        shift, and go to state 55
    TK_OP_LOGIC_NOT  shift, and go to state 56
    TK_OP_BIN_NOT    shift, and go to state 57
    TK_OP_INCREASE   shift, and go to state 63
    '('              shift, and go to state 64

    E              go to state 150
    INCREASE       go to state 75
    PREV_INCREASE  go to state 76
    ATTRIBUITION   go to state 77
    OP_ASSIGN      go to state 78
    TERMINAL       go to state 81
    SIGNAL         go to state 82


state 114

   41 E: E TK_OP_REL_EQGREATER . E

    TK_INT           shift, and go to state 46
    TK_FLOAT         shift, and go to state 47
    TK_SCIENTIFIC    shift, and go to state 48
    TK_CHAR          shift, and go to state 49
    TK_STRING        shift, and go to state 50
    TK_BOOL          shift, and go to state 51
    TK_ID            shift, and go to state 52
    TK_OP_SUM        shift, and go to state 54
    TK_OP_SUB        shift, and go to state 55
    TK_OP_LOGIC_NOT  shift, and go to state 56
    TK_OP_BIN_NOT    shift, and go to state 57
    TK_OP_INCREASE   shift, and go to state 63
    '('              shift, and go to state 64

    E              go to state 151
    INCREASE       go to state 75
    PREV_INCREASE  go to state 76
    ATTRIBUITION   go to state 77
    OP_ASSIGN      go to state 78
    TERMINAL       go to state 81
    SIGNAL         go to state 82


state 115

   36 E: E TK_OP_REL_EQ . E

    TK_INT           shift, and go to state 46
    TK_FLOAT         shift, and go to state 47
    TK_SCIENTIFIC    shift, and go to state 48
    TK_CHAR          shift, and go to state 49
    TK_STRING        shift, and go to state 50
    TK_BOOL          shift, and go to state 51
    TK_ID            shift, and go to state 52
    TK_OP_SUM        shift, and go to state 54
    TK_OP_SUB        shift, and go to state 55
    TK_OP_LOGIC_NOT  shift, and go to state 56
    TK_OP_BIN_NOT    shift, and go to state 57
    TK_OP_INCREASE   shift, and go to state 63
    '('              shift, and go to state 64

    E              go to state 152
    INCREASE       go to state 75
    PREV_INCREASE  go to state 76
    ATTRIBUITION   go to state 77
    OP_ASSIGN      go to state 78
    TERMINAL       go to state 81
    SIGNAL         go to state 82


state 116

   37 E: E TK_OP_REL_DIFF . E

    TK_INT           shift, and go to state 46
    TK_FLOAT         shift, and go to state 47
    TK_SCIENTIFIC    shift, and go to state 48
    TK_CHAR          shift, and go to state 49
    TK_STRING        shift, and go to state 50
    TK_BOOL          shift, and go to state 51
    TK_ID            shift, and go to state 52
    TK_OP_SUM        shift, and go to state 54
    TK_OP_SUB        shift, and go to state 55
    TK_OP_LOGIC_NOT  shift, and go to state 56
    TK_OP_BIN_NOT    shift, and go to state 57
    TK_OP_INCREASE   shift, and go to state 63
    '('              shift, and go to state 64

    E              go to state 153
    INCREASE       go to state 75
    PREV_INCREASE  go to state 76
    ATTRIBUITION   go to state 77
    OP_ASSIGN      go to state 78
    TERMINAL       go to state 81
    SIGNAL         go to state 82


state 117

   35 E: E TK_OP_LOGIC_AND . E

    TK_INT           shift, and go to state 46
    TK_FLOAT         shift, and go to state 47
    TK_SCIENTIFIC    shift, and go to state 48
    TK_CHAR          shift, and go to state 49
    TK_STRING        shift, and go to state 50
    TK_BOOL          shift, and go to state 51
    TK_ID            shift, and go to state 52
    TK_OP_SUM        shift, and go to state 54
    TK_OP_SUB        shift, and go to state 55
    TK_OP_LOGIC_NOT  shift, and go to state 56
    TK_OP_BIN_NOT    shift, and go to state 57
    TK_OP_INCREASE   shift, and go to state 63
    '('              shift, and go to state 64

    E              go to state 154
    INCREASE       go to state 75
    PREV_INCREASE  go to state 76
    ATTRIBUITION   go to state 77
    OP_ASSIGN      go to state 78
    TERMINAL       go to state 81
    SIGNAL         go to state 82


state 118

   34 E: E TK_OP_LOGIC_OR . E

    TK_INT           shift, and go to state 46
    TK_FLOAT         shift, and go to state 47
    TK_SCIENTIFIC    shift, and go to state 48
    TK_CHAR          shift, and go to state 49
    TK_STRING        shift, and go to state 50
    TK_BOOL          shift, and go to state 51
    TK_ID            shift, and go to state 52
    TK_OP_SUM        shift, and go to state 54
    TK_OP_SUB        shift, and go to state 55
    TK_OP_LOGIC_NOT  shift, and go to state 56
    TK_OP_BIN_NOT    shift, and go to state 57
    TK_OP_INCREASE   shift, and go to state 63
    '('              shift, and go to state 64

    E              go to state 155
    INCREASE       go to state 75
    PREV_INCREASE  go to state 76
    ATTRIBUITION   go to state 77
    OP_ASSIGN      go to state 78
    TERMINAL       go to state 81
    SIGNAL         go to state 82


state 119

   42 E: E TK_OP_BIN_AND . E

    TK_INT           shift, and go to state 46
    TK_FLOAT         shift, and go to state 47
    TK_SCIENTIFIC    shift, and go to state 48
    TK_CHAR          shift, and go to state 49
    TK_STRING        shift, and go to state 50
    TK_BOOL          shift, and go to state 51
    TK_ID            shift, and go to state 52
    TK_OP_SUM        shift, and go to state 54
    TK_OP_SUB        shift, and go to state 55
    TK_OP_LOGIC_NOT  shift, and go to state 56
    TK_OP_BIN_NOT    shift, and go to state 57
    TK_OP_INCREASE   shift, and go to state 63
    '('              shift, and go to state 64

    E              go to state 156
    INCREASE       go to state 75
    PREV_INCREASE  go to state 76
    ATTRIBUITION   go to state 77
    OP_ASSIGN      go to state 78
    TERMINAL       go to state 81
    SIGNAL         go to state 82


state 120

   43 E: E TK_OP_BIN_OR . E

    TK_INT           shift, and go to state 46
    TK_FLOAT         shift, and go to state 47
    TK_SCIENTIFIC    shift, and go to state 48
    TK_CHAR          shift, and go to state 49
    TK_STRING        shift, and go to state 50
    TK_BOOL          shift, and go to state 51
    TK_ID            shift, and go to state 52
    TK_OP_SUM        shift, and go to state 54
    TK_OP_SUB        shift, and go to state 55
    TK_OP_LOGIC_NOT  shift, and go to state 56
    TK_OP_BIN_NOT    shift, and go to state 57
    TK_OP_INCREASE   shift, and go to state 63
    '('              shift, and go to state 64

    E              go to state 157
    INCREASE       go to state 75
    PREV_INCREASE  go to state 76
    ATTRIBUITION   go to state 77
    OP_ASSIGN      go to state 78
    TERMINAL       go to state 81
    SIGNAL         go to state 82


state 121

   44 E: E TK_OP_BIN_XOR . E

    TK_INT           shift, and go to state 46
    TK_FLOAT         shift, and go to state 47
    TK_SCIENTIFIC    shift, and go to state 48
    TK_CHAR          shift, and go to state 49
    TK_STRING        shift, and go to state 50
    TK_BOOL          shift, and go to state 51
    TK_ID            shift, and go to state 52
    TK_OP_SUM        shift, and go to state 54
    TK_OP_SUB        shift, and go to state 55
    TK_OP_LOGIC_NOT  shift, and go to state 56
    TK_OP_BIN_NOT    shift, and go to state 57
    TK_OP_INCREASE   shift, and go to state 63
    '('              shift, and go to state 64

    E              go to state 158
    INCREASE       go to state 75
    PREV_INCREASE  go to state 76
    ATTRIBUITION   go to state 77
    OP_ASSIGN      go to state 78
    TERMINAL       go to state 81
    SIGNAL         go to state 82


state 122

   45 E: E TK_OP_BIN_SHIFTR . E

    TK_INT           shift, and go to state 46
    TK_FLOAT         shift, and go to state 47
    TK_SCIENTIFIC    shift, and go to state 48
    TK_CHAR          shift, and go to state 49
    TK_STRING        shift, and go to state 50
    TK_BOOL          shift, and go to state 51
    TK_ID            shift, and go to state 52
    TK_OP_SUM        shift, and go to state 54
    TK_OP_SUB        shift, and go to state 55
    TK_OP_LOGIC_NOT  shift, and go to state 56
    TK_OP_BIN_NOT    shift, and go to state 57
    TK_OP_INCREASE   shift, and go to state 63
    '('              shift, and go to state 64

    E              go to state 159
    INCREASE       go to state 75
    PREV_INCREASE  go to state 76
    ATTRIBUITION   go to state 77
    OP_ASSIGN      go to state 78
    TERMINAL       go to state 81
    SIGNAL         go to state 82


state 123

   46 E: E TK_OP_BIN_SHIFTL . E

    TK_INT           shift, and go to state 46
    TK_FLOAT         shift, and go to state 47
    TK_SCIENTIFIC    shift, and go to state 48
    TK_CHAR          shift, and go to state 49
    TK_STRING        shift, and go to state 50
    TK_BOOL          shift, and go to state 51
    TK_ID            shift, and go to state 52
    TK_OP_SUM        shift, and go to state 54
    TK_OP_SUB        shift, and go to state 55
    TK_OP_LOGIC_NOT  shift, and go to state 56
    TK_OP_BIN_NOT    shift, and go to state 57
    TK_OP_INCREASE   shift, and go to state 63
    '('              shift, and go to state 64

    E              go to state 160
    INCREASE       go to state 75
    PREV_INCREASE  go to state 76
    ATTRIBUITION   go to state 77
    OP_ASSIGN      go to state 78
    TERMINAL       go to state 81
    SIGNAL         go to state 82


state 124

   11 COMMAND: E ';' .

    $default  reduce using rule 11 (COMMAND)


state 125

   13 COMMAND: COUT ';' .

    $default  reduce using rule 13 (COMMAND)


state 126

   14 COMMAND: DECLARATION ';' .

    $default  reduce using rule 14 (COMMAND)


state 127

   92 TERMINAL: SIGNAL TK_INT .

    $default  reduce using rule 92 (TERMINAL)


state 128

   93 TERMINAL: SIGNAL TK_FLOAT .

    $default  reduce using rule 93 (TERMINAL)


state 129

   94 TERMINAL: SIGNAL TK_SCIENTIFIC .

    $default  reduce using rule 94 (TERMINAL)


state 130

   95 TERMINAL: SIGNAL TK_CHAR .

    $default  reduce using rule 95 (TERMINAL)


state 131

   99 TERMINAL: SIGNAL TK_ID .

    $default  reduce using rule 99 (TERMINAL)


state 132

   60 DECLARATION: DECLARATION ',' TK_ID TK_ASSIGN . E

    TK_INT           shift, and go to state 46
    TK_FLOAT         shift, and go to state 47
    TK_SCIENTIFIC    shift, and go to state 48
    TK_CHAR          shift, and go to state 49
    TK_STRING        shift, and go to state 50
    TK_BOOL          shift, and go to state 51
    TK_ID            shift, and go to state 52
    TK_OP_SUM        shift, and go to state 54
    TK_OP_SUB        shift, and go to state 55
    TK_OP_LOGIC_NOT  shift, and go to state 56
    TK_OP_BIN_NOT    shift, and go to state 57
    TK_OP_INCREASE   shift, and go to state 63
    '('              shift, and go to state 64

    E              go to state 161
    INCREASE       go to state 75
    PREV_INCREASE  go to state 76
    ATTRIBUITION   go to state 77
    OP_ASSIGN      go to state 78
    TERMINAL       go to state 81
    SIGNAL         go to state 82


state 133

   29 E: E . TK_OP_SUM E
   30  | E . TK_OP_SUB E
   31  | E . TK_OP_MUL E
   32  | E . TK_OP_DIV E
   33  | E . TK_OP_MOD E
   34  | E . TK_OP_LOGIC_OR E
   35  | E . TK_OP_LOGIC_AND E
   36  | E . TK_OP_REL_EQ E
   37  | E . TK_OP_REL_DIFF E
   38  | E . TK_OP_REL_LESS E
   39  | E . TK_OP_REL_GREATER E
   40  | E . TK_OP_REL_EQLESS E
   41  | E . TK_OP_REL_EQGREATER E
   42  | E . TK_OP_BIN_AND E
   43  | E . TK_OP_BIN_OR E
   44  | E . TK_OP_BIN_XOR E
   45  | E . TK_OP_BIN_SHIFTR E
   46  | E . TK_OP_BIN_SHIFTL E
   62 DECLARATION: TYPE TK_ID TK_ASSIGN E .

    TK_OP_SUM            shift, and go to state 106
    TK_OP_SUB            shift, and go to state 107
    TK_OP_MUL            shift, and go to state 108
    TK_OP_DIV            shift, and go to state 109
    TK_OP_MOD            shift, and go to state 110
    TK_OP_REL_LESS       shift, and go to state 111
    TK_OP_REL_GREATER    shift, and go to state 112
    TK_OP_REL_EQLESS     shift, and go to state 113
    TK_OP_REL_EQGREATER  shift, and go to state 114
    TK_OP_REL_EQ         shift, and go to state 115
    TK_OP_REL_DIFF       shift, and go to state 116
    TK_OP_LOGIC_AND      shift, and go to state 117
    TK_OP_LOGIC_OR       shift, and go to state 118
    TK_OP_BIN_AND        shift, and go to state 119
    TK_OP_BIN_OR         shift, and go to state 120
    TK_OP_BIN_XOR        shift, and go to state 121
    TK_OP_BIN_SHIFTR     shift, and go to state 122
    TK_OP_BIN_SHIFTL     shift, and go to state 123

    $default  reduce using rule 62 (DECLARATION)


state 134

    3 MAIN: TK_TYPE_INT TK_MAIN '(' TK_TYPE_VOID ')' .

    $default  reduce using rule 3 (MAIN)


state 135

   29 E: E . TK_OP_SUM E
   30  | E . TK_OP_SUB E
   31  | E . TK_OP_MUL E
   32  | E . TK_OP_DIV E
   33  | E . TK_OP_MOD E
   34  | E . TK_OP_LOGIC_OR E
   35  | E . TK_OP_LOGIC_AND E
   36  | E . TK_OP_REL_EQ E
   37  | E . TK_OP_REL_DIFF E
   38  | E . TK_OP_REL_LESS E
   39  | E . TK_OP_REL_GREATER E
   40  | E . TK_OP_REL_EQLESS E
   41  | E . TK_OP_REL_EQGREATER E
   42  | E . TK_OP_BIN_AND E
   43  | E . TK_OP_BIN_OR E
   44  | E . TK_OP_BIN_XOR E
   45  | E . TK_OP_BIN_SHIFTR E
   46  | E . TK_OP_BIN_SHIFTL E
   53 ATTRIBUITION: TK_ID TK_ASSIGN E .

    TK_OP_SUM            shift, and go to state 106
    TK_OP_SUB            shift, and go to state 107
    TK_OP_MUL            shift, and go to state 108
    TK_OP_DIV            shift, and go to state 109
    TK_OP_MOD            shift, and go to state 110
    TK_OP_REL_LESS       shift, and go to state 111
    TK_OP_REL_GREATER    shift, and go to state 112
    TK_OP_REL_EQLESS     shift, and go to state 113
    TK_OP_REL_EQGREATER  shift, and go to state 114
    TK_OP_REL_EQ         shift, and go to state 115
    TK_OP_REL_DIFF       shift, and go to state 116
    TK_OP_LOGIC_AND      shift, and go to state 117
    TK_OP_LOGIC_OR       shift, and go to state 118
    TK_OP_BIN_AND        shift, and go to state 119
    TK_OP_BIN_OR         shift, and go to state 120
    TK_OP_BIN_XOR        shift, and go to state 121
    TK_OP_BIN_SHIFTR     shift, and go to state 122
    TK_OP_BIN_SHIFTL     shift, and go to state 123

    $default  reduce using rule 53 (ATTRIBUITION)


state 136

   29 E: E . TK_OP_SUM E
   30  | E . TK_OP_SUB E
   31  | E . TK_OP_MUL E
   32  | E . TK_OP_DIV E
   33  | E . TK_OP_MOD E
   34  | E . TK_OP_LOGIC_OR E
   35  | E . TK_OP_LOGIC_AND E
   36  | E . TK_OP_REL_EQ E
   37  | E . TK_OP_REL_DIFF E
   38  | E . TK_OP_REL_LESS E
   39  | E . TK_OP_REL_GREATER E
   40  | E . TK_OP_REL_EQLESS E
   41  | E . TK_OP_REL_EQGREATER E
   42  | E . TK_OP_BIN_AND E
   43  | E . TK_OP_BIN_OR E
   44  | E . TK_OP_BIN_XOR E
   45  | E . TK_OP_BIN_SHIFTR E
   46  | E . TK_OP_BIN_SHIFTL E
   55 OP_ASSIGN: TK_ID TK_OP_ASSIGN E .

    TK_OP_SUM            shift, and go to state 106
    TK_OP_SUB            shift, and go to state 107
    TK_OP_MUL            shift, and go to state 108
    TK_OP_DIV            shift, and go to state 109
    TK_OP_MOD            shift, and go to state 110
    TK_OP_REL_LESS       shift, and go to state 111
    TK_OP_REL_GREATER    shift, and go to state 112
    TK_OP_REL_EQLESS     shift, and go to state 113
    TK_OP_REL_EQGREATER  shift, and go to state 114
    TK_OP_REL_EQ         shift, and go to state 115
    TK_OP_REL_DIFF       shift, and go to state 116
    TK_OP_LOGIC_AND      shift, and go to state 117
    TK_OP_LOGIC_OR       shift, and go to state 118
    TK_OP_BIN_AND        shift, and go to state 119
    TK_OP_BIN_OR         shift, and go to state 120
    TK_OP_BIN_XOR        shift, and go to state 121
    TK_OP_BIN_SHIFTR     shift, and go to state 122
    TK_OP_BIN_SHIFTL     shift, and go to state 123

    $default  reduce using rule 55 (OP_ASSIGN)


state 137

   29 E: E . TK_OP_SUM E
   30  | E . TK_OP_SUB E
   31  | E . TK_OP_MUL E
   32  | E . TK_OP_DIV E
   33  | E . TK_OP_MOD E
   34  | E . TK_OP_LOGIC_OR E
   35  | E . TK_OP_LOGIC_AND E
   36  | E . TK_OP_REL_EQ E
   37  | E . TK_OP_REL_DIFF E
   38  | E . TK_OP_REL_LESS E
   39  | E . TK_OP_REL_GREATER E
   40  | E . TK_OP_REL_EQLESS E
   41  | E . TK_OP_REL_EQGREATER E
   42  | E . TK_OP_BIN_AND E
   43  | E . TK_OP_BIN_OR E
   44  | E . TK_OP_BIN_XOR E
   45  | E . TK_OP_BIN_SHIFTR E
   46  | E . TK_OP_BIN_SHIFTL E
   56 COUT: TK_COUT '(' E . ')'

    TK_OP_SUM            shift, and go to state 106
    TK_OP_SUB            shift, and go to state 107
    TK_OP_MUL            shift, and go to state 108
    TK_OP_DIV            shift, and go to state 109
    TK_OP_MOD            shift, and go to state 110
    TK_OP_REL_LESS       shift, and go to state 111
    TK_OP_REL_GREATER    shift, and go to state 112
    TK_OP_REL_EQLESS     shift, and go to state 113
    TK_OP_REL_EQGREATER  shift, and go to state 114
    TK_OP_REL_EQ         shift, and go to state 115
    TK_OP_REL_DIFF       shift, and go to state 116
    TK_OP_LOGIC_AND      shift, and go to state 117
    TK_OP_LOGIC_OR       shift, and go to state 118
    TK_OP_BIN_AND        shift, and go to state 119
    TK_OP_BIN_OR         shift, and go to state 120
    TK_OP_BIN_XOR        shift, and go to state 121
    TK_OP_BIN_SHIFTR     shift, and go to state 122
    TK_OP_BIN_SHIFTL     shift, and go to state 123
    ')'                  shift, and go to state 162


state 138

   21 IF: TK_IF '(' E . ')' COMMAND
   22   | TK_IF '(' E . ')' COMMAND TK_ELSE COMMAND
   29 E: E . TK_OP_SUM E
   30  | E . TK_OP_SUB E
   31  | E . TK_OP_MUL E
   32  | E . TK_OP_DIV E
   33  | E . TK_OP_MOD E
   34  | E . TK_OP_LOGIC_OR E
   35  | E . TK_OP_LOGIC_AND E
   36  | E . TK_OP_REL_EQ E
   37  | E . TK_OP_REL_DIFF E
   38  | E . TK_OP_REL_LESS E
   39  | E . TK_OP_REL_GREATER E
   40  | E . TK_OP_REL_EQLESS E
   41  | E . TK_OP_REL_EQGREATER E
   42  | E . TK_OP_BIN_AND E
   43  | E . TK_OP_BIN_OR E
   44  | E . TK_OP_BIN_XOR E
   45  | E . TK_OP_BIN_SHIFTR E
   46  | E . TK_OP_BIN_SHIFTL E

    TK_OP_SUM            shift, and go to state 106
    TK_OP_SUB            shift, and go to state 107
    TK_OP_MUL            shift, and go to state 108
    TK_OP_DIV            shift, and go to state 109
    TK_OP_MOD            shift, and go to state 110
    TK_OP_REL_LESS       shift, and go to state 111
    TK_OP_REL_GREATER    shift, and go to state 112
    TK_OP_REL_EQLESS     shift, and go to state 113
    TK_OP_REL_EQGREATER  shift, and go to state 114
    TK_OP_REL_EQ         shift, and go to state 115
    TK_OP_REL_DIFF       shift, and go to state 116
    TK_OP_LOGIC_AND      shift, and go to state 117
    TK_OP_LOGIC_OR       shift, and go to state 118
    TK_OP_BIN_AND        shift, and go to state 119
    TK_OP_BIN_OR         shift, and go to state 120
    TK_OP_BIN_XOR        shift, and go to state 121
    TK_OP_BIN_SHIFTR     shift, and go to state 122
    TK_OP_BIN_SHIFTL     shift, and go to state 123
    ')'                  shift, and go to state 163


state 139

   23 WHILE: TK_WHILE '(' E . ')' COMMAND
   29 E: E . TK_OP_SUM E
   30  | E . TK_OP_SUB E
   31  | E . TK_OP_MUL E
   32  | E . TK_OP_DIV E
   33  | E . TK_OP_MOD E
   34  | E . TK_OP_LOGIC_OR E
   35  | E . TK_OP_LOGIC_AND E
   36  | E . TK_OP_REL_EQ E
   37  | E . TK_OP_REL_DIFF E
   38  | E . TK_OP_REL_LESS E
   39  | E . TK_OP_REL_GREATER E
   40  | E . TK_OP_REL_EQLESS E
   41  | E . TK_OP_REL_EQGREATER E
   42  | E . TK_OP_BIN_AND E
   43  | E . TK_OP_BIN_OR E
   44  | E . TK_OP_BIN_XOR E
   45  | E . TK_OP_BIN_SHIFTR E
   46  | E . TK_OP_BIN_SHIFTL E

    TK_OP_SUM            shift, and go to state 106
    TK_OP_SUB            shift, and go to state 107
    TK_OP_MUL            shift, and go to state 108
    TK_OP_DIV            shift, and go to state 109
    TK_OP_MOD            shift, and go to state 110
    TK_OP_REL_LESS       shift, and go to state 111
    TK_OP_REL_GREATER    shift, and go to state 112
    TK_OP_REL_EQLESS     shift, and go to state 113
    TK_OP_REL_EQGREATER  shift, and go to state 114
    TK_OP_REL_EQ         shift, and go to state 115
    TK_OP_REL_DIFF       shift, and go to state 116
    TK_OP_LOGIC_AND      shift, and go to state 117
    TK_OP_LOGIC_OR       shift, and go to state 118
    TK_OP_BIN_AND        shift, and go to state 119
    TK_OP_BIN_OR         shift, and go to state 120
    TK_OP_BIN_XOR        shift, and go to state 121
    TK_OP_BIN_SHIFTR     shift, and go to state 122
    TK_OP_BIN_SHIFTL     shift, and go to state 123
    ')'                  shift, and go to state 164


state 140

   24 DO_WHILE: TK_DO COMMAND TK_WHILE . '(' E ')' ';'

    '('  shift, and go to state 165


state 141

   25 E: '(' E ')' .

    $default  reduce using rule 25 (E)


state 142

   28 E: '(' TYPE ')' . TERMINAL

    TK_INT         shift, and go to state 46
    TK_FLOAT       shift, and go to state 47
    TK_SCIENTIFIC  shift, and go to state 48
    TK_CHAR        shift, and go to state 49
    TK_STRING      shift, and go to state 50
    TK_BOOL        shift, and go to state 51
    TK_ID          shift, and go to state 166
    TK_OP_SUM      shift, and go to state 54
    TK_OP_SUB      shift, and go to state 55

    TERMINAL  go to state 167
    SIGNAL    go to state 82


state 143

   29 E: E . TK_OP_SUM E
   29  | E TK_OP_SUM E .
   30  | E . TK_OP_SUB E
   31  | E . TK_OP_MUL E
   32  | E . TK_OP_DIV E
   33  | E . TK_OP_MOD E
   34  | E . TK_OP_LOGIC_OR E
   35  | E . TK_OP_LOGIC_AND E
   36  | E . TK_OP_REL_EQ E
   37  | E . TK_OP_REL_DIFF E
   38  | E . TK_OP_REL_LESS E
   39  | E . TK_OP_REL_GREATER E
   40  | E . TK_OP_REL_EQLESS E
   41  | E . TK_OP_REL_EQGREATER E
   42  | E . TK_OP_BIN_AND E
   43  | E . TK_OP_BIN_OR E
   44  | E . TK_OP_BIN_XOR E
   45  | E . TK_OP_BIN_SHIFTR E
   46  | E . TK_OP_BIN_SHIFTL E

    TK_OP_SUB  shift, and go to state 107
    TK_OP_MUL  shift, and go to state 108
    TK_OP_DIV  shift, and go to state 109
    TK_OP_MOD  shift, and go to state 110

    $default  reduce using rule 29 (E)


state 144

   29 E: E . TK_OP_SUM E
   30  | E . TK_OP_SUB E
   30  | E TK_OP_SUB E .
   31  | E . TK_OP_MUL E
   32  | E . TK_OP_DIV E
   33  | E . TK_OP_MOD E
   34  | E . TK_OP_LOGIC_OR E
   35  | E . TK_OP_LOGIC_AND E
   36  | E . TK_OP_REL_EQ E
   37  | E . TK_OP_REL_DIFF E
   38  | E . TK_OP_REL_LESS E
   39  | E . TK_OP_REL_GREATER E
   40  | E . TK_OP_REL_EQLESS E
   41  | E . TK_OP_REL_EQGREATER E
   42  | E . TK_OP_BIN_AND E
   43  | E . TK_OP_BIN_OR E
   44  | E . TK_OP_BIN_XOR E
   45  | E . TK_OP_BIN_SHIFTR E
   46  | E . TK_OP_BIN_SHIFTL E

    TK_OP_MUL  shift, and go to state 108
    TK_OP_DIV  shift, and go to state 109
    TK_OP_MOD  shift, and go to state 110

    $default  reduce using rule 30 (E)


state 145

   29 E: E . TK_OP_SUM E
   30  | E . TK_OP_SUB E
   31  | E . TK_OP_MUL E
   31  | E TK_OP_MUL E .
   32  | E . TK_OP_DIV E
   33  | E . TK_OP_MOD E
   34  | E . TK_OP_LOGIC_OR E
   35  | E . TK_OP_LOGIC_AND E
   36  | E . TK_OP_REL_EQ E
   37  | E . TK_OP_REL_DIFF E
   38  | E . TK_OP_REL_LESS E
   39  | E . TK_OP_REL_GREATER E
   40  | E . TK_OP_REL_EQLESS E
   41  | E . TK_OP_REL_EQGREATER E
   42  | E . TK_OP_BIN_AND E
   43  | E . TK_OP_BIN_OR E
   44  | E . TK_OP_BIN_XOR E
   45  | E . TK_OP_BIN_SHIFTR E
   46  | E . TK_OP_BIN_SHIFTL E

    TK_OP_DIV  shift, and go to state 109
    TK_OP_MOD  shift, and go to state 110

    $default  reduce using rule 31 (E)


state 146

   29 E: E . TK_OP_SUM E
   30  | E . TK_OP_SUB E
   31  | E . TK_OP_MUL E
   32  | E . TK_OP_DIV E
   32  | E TK_OP_DIV E .
   33  | E . TK_OP_MOD E
   34  | E . TK_OP_LOGIC_OR E
   35  | E . TK_OP_LOGIC_AND E
   36  | E . TK_OP_REL_EQ E
   37  | E . TK_OP_REL_DIFF E
   38  | E . TK_OP_REL_LESS E
   39  | E . TK_OP_REL_GREATER E
   40  | E . TK_OP_REL_EQLESS E
   41  | E . TK_OP_REL_EQGREATER E
   42  | E . TK_OP_BIN_AND E
   43  | E . TK_OP_BIN_OR E
   44  | E . TK_OP_BIN_XOR E
   45  | E . TK_OP_BIN_SHIFTR E
   46  | E . TK_OP_BIN_SHIFTL E

    TK_OP_MOD  shift, and go to state 110

    $default  reduce using rule 32 (E)


state 147

   29 E: E . TK_OP_SUM E
   30  | E . TK_OP_SUB E
   31  | E . TK_OP_MUL E
   32  | E . TK_OP_DIV E
   33  | E . TK_OP_MOD E
   33  | E TK_OP_MOD E .
   34  | E . TK_OP_LOGIC_OR E
   35  | E . TK_OP_LOGIC_AND E
   36  | E . TK_OP_REL_EQ E
   37  | E . TK_OP_REL_DIFF E
   38  | E . TK_OP_REL_LESS E
   39  | E . TK_OP_REL_GREATER E
   40  | E . TK_OP_REL_EQLESS E
   41  | E . TK_OP_REL_EQGREATER E
   42  | E . TK_OP_BIN_AND E
   43  | E . TK_OP_BIN_OR E
   44  | E . TK_OP_BIN_XOR E
   45  | E . TK_OP_BIN_SHIFTR E
   46  | E . TK_OP_BIN_SHIFTL E

    $default  reduce using rule 33 (E)


state 148

   29 E: E . TK_OP_SUM E
   30  | E . TK_OP_SUB E
   31  | E . TK_OP_MUL E
   32  | E . TK_OP_DIV E
   33  | E . TK_OP_MOD E
   34  | E . TK_OP_LOGIC_OR E
   35  | E . TK_OP_LOGIC_AND E
   36  | E . TK_OP_REL_EQ E
   37  | E . TK_OP_REL_DIFF E
   38  | E . TK_OP_REL_LESS E
   38  | E TK_OP_REL_LESS E .
   39  | E . TK_OP_REL_GREATER E
   40  | E . TK_OP_REL_EQLESS E
   41  | E . TK_OP_REL_EQGREATER E
   42  | E . TK_OP_BIN_AND E
   43  | E . TK_OP_BIN_OR E
   44  | E . TK_OP_BIN_XOR E
   45  | E . TK_OP_BIN_SHIFTR E
   46  | E . TK_OP_BIN_SHIFTL E

    TK_OP_SUM         shift, and go to state 106
    TK_OP_SUB         shift, and go to state 107
    TK_OP_MUL         shift, and go to state 108
    TK_OP_DIV         shift, and go to state 109
    TK_OP_MOD         shift, and go to state 110
    TK_OP_BIN_AND     shift, and go to state 119
    TK_OP_BIN_OR      shift, and go to state 120
    TK_OP_BIN_XOR     shift, and go to state 121
    TK_OP_BIN_SHIFTR  shift, and go to state 122
    TK_OP_BIN_SHIFTL  shift, and go to state 123

    $default  reduce using rule 38 (E)


state 149

   29 E: E . TK_OP_SUM E
   30  | E . TK_OP_SUB E
   31  | E . TK_OP_MUL E
   32  | E . TK_OP_DIV E
   33  | E . TK_OP_MOD E
   34  | E . TK_OP_LOGIC_OR E
   35  | E . TK_OP_LOGIC_AND E
   36  | E . TK_OP_REL_EQ E
   37  | E . TK_OP_REL_DIFF E
   38  | E . TK_OP_REL_LESS E
   39  | E . TK_OP_REL_GREATER E
   39  | E TK_OP_REL_GREATER E .
   40  | E . TK_OP_REL_EQLESS E
   41  | E . TK_OP_REL_EQGREATER E
   42  | E . TK_OP_BIN_AND E
   43  | E . TK_OP_BIN_OR E
   44  | E . TK_OP_BIN_XOR E
   45  | E . TK_OP_BIN_SHIFTR E
   46  | E . TK_OP_BIN_SHIFTL E

    TK_OP_SUM         shift, and go to state 106
    TK_OP_SUB         shift, and go to state 107
    TK_OP_MUL         shift, and go to state 108
    TK_OP_DIV         shift, and go to state 109
    TK_OP_MOD         shift, and go to state 110
    TK_OP_BIN_AND     shift, and go to state 119
    TK_OP_BIN_OR      shift, and go to state 120
    TK_OP_BIN_XOR     shift, and go to state 121
    TK_OP_BIN_SHIFTR  shift, and go to state 122
    TK_OP_BIN_SHIFTL  shift, and go to state 123

    $default  reduce using rule 39 (E)


state 150

   29 E: E . TK_OP_SUM E
   30  | E . TK_OP_SUB E
   31  | E . TK_OP_MUL E
   32  | E . TK_OP_DIV E
   33  | E . TK_OP_MOD E
   34  | E . TK_OP_LOGIC_OR E
   35  | E . TK_OP_LOGIC_AND E
   36  | E . TK_OP_REL_EQ E
   37  | E . TK_OP_REL_DIFF E
   38  | E . TK_OP_REL_LESS E
   39  | E . TK_OP_REL_GREATER E
   40  | E . TK_OP_REL_EQLESS E
   40  | E TK_OP_REL_EQLESS E .
   41  | E . TK_OP_REL_EQGREATER E
   42  | E . TK_OP_BIN_AND E
   43  | E . TK_OP_BIN_OR E
   44  | E . TK_OP_BIN_XOR E
   45  | E . TK_OP_BIN_SHIFTR E
   46  | E . TK_OP_BIN_SHIFTL E

    TK_OP_SUM         shift, and go to state 106
    TK_OP_SUB         shift, and go to state 107
    TK_OP_MUL         shift, and go to state 108
    TK_OP_DIV         shift, and go to state 109
    TK_OP_MOD         shift, and go to state 110
    TK_OP_BIN_AND     shift, and go to state 119
    TK_OP_BIN_OR      shift, and go to state 120
    TK_OP_BIN_XOR     shift, and go to state 121
    TK_OP_BIN_SHIFTR  shift, and go to state 122
    TK_OP_BIN_SHIFTL  shift, and go to state 123

    $default  reduce using rule 40 (E)


state 151

   29 E: E . TK_OP_SUM E
   30  | E . TK_OP_SUB E
   31  | E . TK_OP_MUL E
   32  | E . TK_OP_DIV E
   33  | E . TK_OP_MOD E
   34  | E . TK_OP_LOGIC_OR E
   35  | E . TK_OP_LOGIC_AND E
   36  | E . TK_OP_REL_EQ E
   37  | E . TK_OP_REL_DIFF E
   38  | E . TK_OP_REL_LESS E
   39  | E . TK_OP_REL_GREATER E
   40  | E . TK_OP_REL_EQLESS E
   41  | E . TK_OP_REL_EQGREATER E
   41  | E TK_OP_REL_EQGREATER E .
   42  | E . TK_OP_BIN_AND E
   43  | E . TK_OP_BIN_OR E
   44  | E . TK_OP_BIN_XOR E
   45  | E . TK_OP_BIN_SHIFTR E
   46  | E . TK_OP_BIN_SHIFTL E

    TK_OP_SUM         shift, and go to state 106
    TK_OP_SUB         shift, and go to state 107
    TK_OP_MUL         shift, and go to state 108
    TK_OP_DIV         shift, and go to state 109
    TK_OP_MOD         shift, and go to state 110
    TK_OP_BIN_AND     shift, and go to state 119
    TK_OP_BIN_OR      shift, and go to state 120
    TK_OP_BIN_XOR     shift, and go to state 121
    TK_OP_BIN_SHIFTR  shift, and go to state 122
    TK_OP_BIN_SHIFTL  shift, and go to state 123

    $default  reduce using rule 41 (E)


state 152

   29 E: E . TK_OP_SUM E
   30  | E . TK_OP_SUB E
   31  | E . TK_OP_MUL E
   32  | E . TK_OP_DIV E
   33  | E . TK_OP_MOD E
   34  | E . TK_OP_LOGIC_OR E
   35  | E . TK_OP_LOGIC_AND E
   36  | E . TK_OP_REL_EQ E
   36  | E TK_OP_REL_EQ E .
   37  | E . TK_OP_REL_DIFF E
   38  | E . TK_OP_REL_LESS E
   39  | E . TK_OP_REL_GREATER E
   40  | E . TK_OP_REL_EQLESS E
   41  | E . TK_OP_REL_EQGREATER E
   42  | E . TK_OP_BIN_AND E
   43  | E . TK_OP_BIN_OR E
   44  | E . TK_OP_BIN_XOR E
   45  | E . TK_OP_BIN_SHIFTR E
   46  | E . TK_OP_BIN_SHIFTL E

    TK_OP_SUM            shift, and go to state 106
    TK_OP_SUB            shift, and go to state 107
    TK_OP_MUL            shift, and go to state 108
    TK_OP_DIV            shift, and go to state 109
    TK_OP_MOD            shift, and go to state 110
    TK_OP_REL_LESS       shift, and go to state 111
    TK_OP_REL_GREATER    shift, and go to state 112
    TK_OP_REL_EQLESS     shift, and go to state 113
    TK_OP_REL_EQGREATER  shift, and go to state 114
    TK_OP_BIN_AND        shift, and go to state 119
    TK_OP_BIN_OR         shift, and go to state 120
    TK_OP_BIN_XOR        shift, and go to state 121
    TK_OP_BIN_SHIFTR     shift, and go to state 122
    TK_OP_BIN_SHIFTL     shift, and go to state 123

    $default  reduce using rule 36 (E)


state 153

   29 E: E . TK_OP_SUM E
   30  | E . TK_OP_SUB E
   31  | E . TK_OP_MUL E
   32  | E . TK_OP_DIV E
   33  | E . TK_OP_MOD E
   34  | E . TK_OP_LOGIC_OR E
   35  | E . TK_OP_LOGIC_AND E
   36  | E . TK_OP_REL_EQ E
   37  | E . TK_OP_REL_DIFF E
   37  | E TK_OP_REL_DIFF E .
   38  | E . TK_OP_REL_LESS E
   39  | E . TK_OP_REL_GREATER E
   40  | E . TK_OP_REL_EQLESS E
   41  | E . TK_OP_REL_EQGREATER E
   42  | E . TK_OP_BIN_AND E
   43  | E . TK_OP_BIN_OR E
   44  | E . TK_OP_BIN_XOR E
   45  | E . TK_OP_BIN_SHIFTR E
   46  | E . TK_OP_BIN_SHIFTL E

    TK_OP_SUM            shift, and go to state 106
    TK_OP_SUB            shift, and go to state 107
    TK_OP_MUL            shift, and go to state 108
    TK_OP_DIV            shift, and go to state 109
    TK_OP_MOD            shift, and go to state 110
    TK_OP_REL_LESS       shift, and go to state 111
    TK_OP_REL_GREATER    shift, and go to state 112
    TK_OP_REL_EQLESS     shift, and go to state 113
    TK_OP_REL_EQGREATER  shift, and go to state 114
    TK_OP_BIN_AND        shift, and go to state 119
    TK_OP_BIN_OR         shift, and go to state 120
    TK_OP_BIN_XOR        shift, and go to state 121
    TK_OP_BIN_SHIFTR     shift, and go to state 122
    TK_OP_BIN_SHIFTL     shift, and go to state 123

    $default  reduce using rule 37 (E)


state 154

   29 E: E . TK_OP_SUM E
   30  | E . TK_OP_SUB E
   31  | E . TK_OP_MUL E
   32  | E . TK_OP_DIV E
   33  | E . TK_OP_MOD E
   34  | E . TK_OP_LOGIC_OR E
   35  | E . TK_OP_LOGIC_AND E
   35  | E TK_OP_LOGIC_AND E .
   36  | E . TK_OP_REL_EQ E
   37  | E . TK_OP_REL_DIFF E
   38  | E . TK_OP_REL_LESS E
   39  | E . TK_OP_REL_GREATER E
   40  | E . TK_OP_REL_EQLESS E
   41  | E . TK_OP_REL_EQGREATER E
   42  | E . TK_OP_BIN_AND E
   43  | E . TK_OP_BIN_OR E
   44  | E . TK_OP_BIN_XOR E
   45  | E . TK_OP_BIN_SHIFTR E
   46  | E . TK_OP_BIN_SHIFTL E

    TK_OP_SUM            shift, and go to state 106
    TK_OP_SUB            shift, and go to state 107
    TK_OP_MUL            shift, and go to state 108
    TK_OP_DIV            shift, and go to state 109
    TK_OP_MOD            shift, and go to state 110
    TK_OP_REL_LESS       shift, and go to state 111
    TK_OP_REL_GREATER    shift, and go to state 112
    TK_OP_REL_EQLESS     shift, and go to state 113
    TK_OP_REL_EQGREATER  shift, and go to state 114
    TK_OP_REL_EQ         shift, and go to state 115
    TK_OP_REL_DIFF       shift, and go to state 116
    TK_OP_BIN_AND        shift, and go to state 119
    TK_OP_BIN_OR         shift, and go to state 120
    TK_OP_BIN_XOR        shift, and go to state 121
    TK_OP_BIN_SHIFTR     shift, and go to state 122
    TK_OP_BIN_SHIFTL     shift, and go to state 123

    $default  reduce using rule 35 (E)


state 155

   29 E: E . TK_OP_SUM E
   30  | E . TK_OP_SUB E
   31  | E . TK_OP_MUL E
   32  | E . TK_OP_DIV E
   33  | E . TK_OP_MOD E
   34  | E . TK_OP_LOGIC_OR E
   34  | E TK_OP_LOGIC_OR E .
   35  | E . TK_OP_LOGIC_AND E
   36  | E . TK_OP_REL_EQ E
   37  | E . TK_OP_REL_DIFF E
   38  | E . TK_OP_REL_LESS E
   39  | E . TK_OP_REL_GREATER E
   40  | E . TK_OP_REL_EQLESS E
   41  | E . TK_OP_REL_EQGREATER E
   42  | E . TK_OP_BIN_AND E
   43  | E . TK_OP_BIN_OR E
   44  | E . TK_OP_BIN_XOR E
   45  | E . TK_OP_BIN_SHIFTR E
   46  | E . TK_OP_BIN_SHIFTL E

    TK_OP_SUM            shift, and go to state 106
    TK_OP_SUB            shift, and go to state 107
    TK_OP_MUL            shift, and go to state 108
    TK_OP_DIV            shift, and go to state 109
    TK_OP_MOD            shift, and go to state 110
    TK_OP_REL_LESS       shift, and go to state 111
    TK_OP_REL_GREATER    shift, and go to state 112
    TK_OP_REL_EQLESS     shift, and go to state 113
    TK_OP_REL_EQGREATER  shift, and go to state 114
    TK_OP_REL_EQ         shift, and go to state 115
    TK_OP_REL_DIFF       shift, and go to state 116
    TK_OP_BIN_AND        shift, and go to state 119
    TK_OP_BIN_OR         shift, and go to state 120
    TK_OP_BIN_XOR        shift, and go to state 121
    TK_OP_BIN_SHIFTR     shift, and go to state 122
    TK_OP_BIN_SHIFTL     shift, and go to state 123

    $default  reduce using rule 34 (E)


state 156

   29 E: E . TK_OP_SUM E
   30  | E . TK_OP_SUB E
   31  | E . TK_OP_MUL E
   32  | E . TK_OP_DIV E
   33  | E . TK_OP_MOD E
   34  | E . TK_OP_LOGIC_OR E
   35  | E . TK_OP_LOGIC_AND E
   36  | E . TK_OP_REL_EQ E
   37  | E . TK_OP_REL_DIFF E
   38  | E . TK_OP_REL_LESS E
   39  | E . TK_OP_REL_GREATER E
   40  | E . TK_OP_REL_EQLESS E
   41  | E . TK_OP_REL_EQGREATER E
   42  | E . TK_OP_BIN_AND E
   42  | E TK_OP_BIN_AND E .
   43  | E . TK_OP_BIN_OR E
   44  | E . TK_OP_BIN_XOR E
   45  | E . TK_OP_BIN_SHIFTR E
   46  | E . TK_OP_BIN_SHIFTL E

    TK_OP_SUM  shift, and go to state 106
    TK_OP_SUB  shift, and go to state 107
    TK_OP_MUL  shift, and go to state 108
    TK_OP_DIV  shift, and go to state 109
    TK_OP_MOD  shift, and go to state 110

    $default  reduce using rule 42 (E)


state 157

   29 E: E . TK_OP_SUM E
   30  | E . TK_OP_SUB E
   31  | E . TK_OP_MUL E
   32  | E . TK_OP_DIV E
   33  | E . TK_OP_MOD E
   34  | E . TK_OP_LOGIC_OR E
   35  | E . TK_OP_LOGIC_AND E
   36  | E . TK_OP_REL_EQ E
   37  | E . TK_OP_REL_DIFF E
   38  | E . TK_OP_REL_LESS E
   39  | E . TK_OP_REL_GREATER E
   40  | E . TK_OP_REL_EQLESS E
   41  | E . TK_OP_REL_EQGREATER E
   42  | E . TK_OP_BIN_AND E
   43  | E . TK_OP_BIN_OR E
   43  | E TK_OP_BIN_OR E .
   44  | E . TK_OP_BIN_XOR E
   45  | E . TK_OP_BIN_SHIFTR E
   46  | E . TK_OP_BIN_SHIFTL E

    TK_OP_SUM  shift, and go to state 106
    TK_OP_SUB  shift, and go to state 107
    TK_OP_MUL  shift, and go to state 108
    TK_OP_DIV  shift, and go to state 109
    TK_OP_MOD  shift, and go to state 110

    $default  reduce using rule 43 (E)


state 158

   29 E: E . TK_OP_SUM E
   30  | E . TK_OP_SUB E
   31  | E . TK_OP_MUL E
   32  | E . TK_OP_DIV E
   33  | E . TK_OP_MOD E
   34  | E . TK_OP_LOGIC_OR E
   35  | E . TK_OP_LOGIC_AND E
   36  | E . TK_OP_REL_EQ E
   37  | E . TK_OP_REL_DIFF E
   38  | E . TK_OP_REL_LESS E
   39  | E . TK_OP_REL_GREATER E
   40  | E . TK_OP_REL_EQLESS E
   41  | E . TK_OP_REL_EQGREATER E
   42  | E . TK_OP_BIN_AND E
   43  | E . TK_OP_BIN_OR E
   44  | E . TK_OP_BIN_XOR E
   44  | E TK_OP_BIN_XOR E .
   45  | E . TK_OP_BIN_SHIFTR E
   46  | E . TK_OP_BIN_SHIFTL E

    TK_OP_SUM  shift, and go to state 106
    TK_OP_SUB  shift, and go to state 107
    TK_OP_MUL  shift, and go to state 108
    TK_OP_DIV  shift, and go to state 109
    TK_OP_MOD  shift, and go to state 110

    $default  reduce using rule 44 (E)


state 159

   29 E: E . TK_OP_SUM E
   30  | E . TK_OP_SUB E
   31  | E . TK_OP_MUL E
   32  | E . TK_OP_DIV E
   33  | E . TK_OP_MOD E
   34  | E . TK_OP_LOGIC_OR E
   35  | E . TK_OP_LOGIC_AND E
   36  | E . TK_OP_REL_EQ E
   37  | E . TK_OP_REL_DIFF E
   38  | E . TK_OP_REL_LESS E
   39  | E . TK_OP_REL_GREATER E
   40  | E . TK_OP_REL_EQLESS E
   41  | E . TK_OP_REL_EQGREATER E
   42  | E . TK_OP_BIN_AND E
   43  | E . TK_OP_BIN_OR E
   44  | E . TK_OP_BIN_XOR E
   45  | E . TK_OP_BIN_SHIFTR E
   45  | E TK_OP_BIN_SHIFTR E .
   46  | E . TK_OP_BIN_SHIFTL E

    TK_OP_SUM  shift, and go to state 106
    TK_OP_SUB  shift, and go to state 107
    TK_OP_MUL  shift, and go to state 108
    TK_OP_DIV  shift, and go to state 109
    TK_OP_MOD  shift, and go to state 110

    $default  reduce using rule 45 (E)


state 160

   29 E: E . TK_OP_SUM E
   30  | E . TK_OP_SUB E
   31  | E . TK_OP_MUL E
   32  | E . TK_OP_DIV E
   33  | E . TK_OP_MOD E
   34  | E . TK_OP_LOGIC_OR E
   35  | E . TK_OP_LOGIC_AND E
   36  | E . TK_OP_REL_EQ E
   37  | E . TK_OP_REL_DIFF E
   38  | E . TK_OP_REL_LESS E
   39  | E . TK_OP_REL_GREATER E
   40  | E . TK_OP_REL_EQLESS E
   41  | E . TK_OP_REL_EQGREATER E
   42  | E . TK_OP_BIN_AND E
   43  | E . TK_OP_BIN_OR E
   44  | E . TK_OP_BIN_XOR E
   45  | E . TK_OP_BIN_SHIFTR E
   46  | E . TK_OP_BIN_SHIFTL E
   46  | E TK_OP_BIN_SHIFTL E .

    TK_OP_SUM  shift, and go to state 106
    TK_OP_SUB  shift, and go to state 107
    TK_OP_MUL  shift, and go to state 108
    TK_OP_DIV  shift, and go to state 109
    TK_OP_MOD  shift, and go to state 110

    $default  reduce using rule 46 (E)


state 161

   29 E: E . TK_OP_SUM E
   30  | E . TK_OP_SUB E
   31  | E . TK_OP_MUL E
   32  | E . TK_OP_DIV E
   33  | E . TK_OP_MOD E
   34  | E . TK_OP_LOGIC_OR E
   35  | E . TK_OP_LOGIC_AND E
   36  | E . TK_OP_REL_EQ E
   37  | E . TK_OP_REL_DIFF E
   38  | E . TK_OP_REL_LESS E
   39  | E . TK_OP_REL_GREATER E
   40  | E . TK_OP_REL_EQLESS E
   41  | E . TK_OP_REL_EQGREATER E
   42  | E . TK_OP_BIN_AND E
   43  | E . TK_OP_BIN_OR E
   44  | E . TK_OP_BIN_XOR E
   45  | E . TK_OP_BIN_SHIFTR E
   46  | E . TK_OP_BIN_SHIFTL E
   60 DECLARATION: DECLARATION ',' TK_ID TK_ASSIGN E .

    TK_OP_SUM            shift, and go to state 106
    TK_OP_SUB            shift, and go to state 107
    TK_OP_MUL            shift, and go to state 108
    TK_OP_DIV            shift, and go to state 109
    TK_OP_MOD            shift, and go to state 110
    TK_OP_REL_LESS       shift, and go to state 111
    TK_OP_REL_GREATER    shift, and go to state 112
    TK_OP_REL_EQLESS     shift, and go to state 113
    TK_OP_REL_EQGREATER  shift, and go to state 114
    TK_OP_REL_EQ         shift, and go to state 115
    TK_OP_REL_DIFF       shift, and go to state 116
    TK_OP_LOGIC_AND      shift, and go to state 117
    TK_OP_LOGIC_OR       shift, and go to state 118
    TK_OP_BIN_AND        shift, and go to state 119
    TK_OP_BIN_OR         shift, and go to state 120
    TK_OP_BIN_XOR        shift, and go to state 121
    TK_OP_BIN_SHIFTR     shift, and go to state 122
    TK_OP_BIN_SHIFTL     shift, and go to state 123

    $default  reduce using rule 60 (DECLARATION)


state 162

   56 COUT: TK_COUT '(' E ')' .

    $default  reduce using rule 56 (COUT)


state 163

   21 IF: TK_IF '(' E ')' . COMMAND
   22   | TK_IF '(' E ')' . COMMAND TK_ELSE COMMAND

    TK_INT                shift, and go to state 46
    TK_FLOAT              shift, and go to state 47
    TK_SCIENTIFIC         shift, and go to state 48
    TK_CHAR               shift, and go to state 49
    TK_STRING             shift, and go to state 50
    TK_BOOL               shift, and go to state 51
    TK_ID                 shift, and go to state 52
    TK_TYPE_CHAR          shift, and go to state 5
    TK_TYPE_STRING        shift, and go to state 6
    TK_TYPE_INT           shift, and go to state 53
    TK_TYPE_VOID          shift, and go to state 8
    TK_TYPE_FLOAT         shift, and go to state 9
    TK_TYPE_DOUBLE        shift, and go to state 10
    TK_TYPE_BOOL          shift, and go to state 11
    TK_MODIFIER_UNSIGNED  shift, and go to state 12
    TK_MODIFIER_SIGNED    shift, and go to state 13
    TK_MODIFIER_SHORT     shift, and go to state 14
    TK_MODIFIER_LONG      shift, and go to state 15
    TK_OP_SUM             shift, and go to state 54
    TK_OP_SUB             shift, and go to state 55
    TK_OP_LOGIC_NOT       shift, and go to state 56
    TK_OP_BIN_NOT         shift, and go to state 57
    TK_RETURN             shift, and go to state 58
    TK_COUT               shift, and go to state 59
    TK_IF                 shift, and go to state 60
    TK_WHILE              shift, and go to state 61
    TK_DO                 shift, and go to state 62
    TK_OP_INCREASE        shift, and go to state 63
    '('                   shift, and go to state 64
    '{'                   shift, and go to state 32
    ';'                   shift, and go to state 65

    SCOPE          go to state 66
    BEGIN_SCOPE    go to state 34
    COMMAND        go to state 168
    RETURN         go to state 70
    IF             go to state 71
    WHILE          go to state 72
    DO_WHILE       go to state 73
    E              go to state 74
    INCREASE       go to state 75
    PREV_INCREASE  go to state 76
    ATTRIBUITION   go to state 77
    OP_ASSIGN      go to state 78
    COUT           go to state 79
    DECLARATION    go to state 80
    TYPE           go to state 18
    TERMINAL       go to state 81
    SIGNAL         go to state 82


state 164

   23 WHILE: TK_WHILE '(' E ')' . COMMAND

    TK_INT                shift, and go to state 46
    TK_FLOAT              shift, and go to state 47
    TK_SCIENTIFIC         shift, and go to state 48
    TK_CHAR               shift, and go to state 49
    TK_STRING             shift, and go to state 50
    TK_BOOL               shift, and go to state 51
    TK_ID                 shift, and go to state 52
    TK_TYPE_CHAR          shift, and go to state 5
    TK_TYPE_STRING        shift, and go to state 6
    TK_TYPE_INT           shift, and go to state 53
    TK_TYPE_VOID          shift, and go to state 8
    TK_TYPE_FLOAT         shift, and go to state 9
    TK_TYPE_DOUBLE        shift, and go to state 10
    TK_TYPE_BOOL          shift, and go to state 11
    TK_MODIFIER_UNSIGNED  shift, and go to state 12
    TK_MODIFIER_SIGNED    shift, and go to state 13
    TK_MODIFIER_SHORT     shift, and go to state 14
    TK_MODIFIER_LONG      shift, and go to state 15
    TK_OP_SUM             shift, and go to state 54
    TK_OP_SUB             shift, and go to state 55
    TK_OP_LOGIC_NOT       shift, and go to state 56
    TK_OP_BIN_NOT         shift, and go to state 57
    TK_RETURN             shift, and go to state 58
    TK_COUT               shift, and go to state 59
    TK_IF                 shift, and go to state 60
    TK_WHILE              shift, and go to state 61
    TK_DO                 shift, and go to state 62
    TK_OP_INCREASE        shift, and go to state 63
    '('                   shift, and go to state 64
    '{'                   shift, and go to state 32
    ';'                   shift, and go to state 65

    SCOPE          go to state 66
    BEGIN_SCOPE    go to state 34
    COMMAND        go to state 169
    RETURN         go to state 70
    IF             go to state 71
    WHILE          go to state 72
    DO_WHILE       go to state 73
    E              go to state 74
    INCREASE       go to state 75
    PREV_INCREASE  go to state 76
    ATTRIBUITION   go to state 77
    OP_ASSIGN      go to state 78
    COUT           go to state 79
    DECLARATION    go to state 80
    TYPE           go to state 18
    TERMINAL       go to state 81
    SIGNAL         go to state 82


state 165

   24 DO_WHILE: TK_DO COMMAND TK_WHILE '(' . E ')' ';'

    TK_INT           shift, and go to state 46
    TK_FLOAT         shift, and go to state 47
    TK_SCIENTIFIC    shift, and go to state 48
    TK_CHAR          shift, and go to state 49
    TK_STRING        shift, and go to state 50
    TK_BOOL          shift, and go to state 51
    TK_ID            shift, and go to state 52
    TK_OP_SUM        shift, and go to state 54
    TK_OP_SUB        shift, and go to state 55
    TK_OP_LOGIC_NOT  shift, and go to state 56
    TK_OP_BIN_NOT    shift, and go to state 57
    TK_OP_INCREASE   shift, and go to state 63
    '('              shift, and go to state 64

    E              go to state 170
    INCREASE       go to state 75
    PREV_INCREASE  go to state 76
    ATTRIBUITION   go to state 77
    OP_ASSIGN      go to state 78
    TERMINAL       go to state 81
    SIGNAL         go to state 82


state 166

   98 TERMINAL: TK_ID .

    $default  reduce using rule 98 (TERMINAL)


state 167

   28 E: '(' TYPE ')' TERMINAL .

    $default  reduce using rule 28 (E)


state 168

   21 IF: TK_IF '(' E ')' COMMAND .
   22   | TK_IF '(' E ')' COMMAND . TK_ELSE COMMAND

    TK_ELSE  shift, and go to state 171

    TK_ELSE   [reduce using rule 21 (IF)]
    $default  reduce using rule 21 (IF)


state 169

   23 WHILE: TK_WHILE '(' E ')' COMMAND .

    $default  reduce using rule 23 (WHILE)


state 170

   24 DO_WHILE: TK_DO COMMAND TK_WHILE '(' E . ')' ';'
   29 E: E . TK_OP_SUM E
   30  | E . TK_OP_SUB E
   31  | E . TK_OP_MUL E
   32  | E . TK_OP_DIV E
   33  | E . TK_OP_MOD E
   34  | E . TK_OP_LOGIC_OR E
   35  | E . TK_OP_LOGIC_AND E
   36  | E . TK_OP_REL_EQ E
   37  | E . TK_OP_REL_DIFF E
   38  | E . TK_OP_REL_LESS E
   39  | E . TK_OP_REL_GREATER E
   40  | E . TK_OP_REL_EQLESS E
   41  | E . TK_OP_REL_EQGREATER E
   42  | E . TK_OP_BIN_AND E
   43  | E . TK_OP_BIN_OR E
   44  | E . TK_OP_BIN_XOR E
   45  | E . TK_OP_BIN_SHIFTR E
   46  | E . TK_OP_BIN_SHIFTL E

    TK_OP_SUM            shift, and go to state 106
    TK_OP_SUB            shift, and go to state 107
    TK_OP_MUL            shift, and go to state 108
    TK_OP_DIV            shift, and go to state 109
    TK_OP_MOD            shift, and go to state 110
    TK_OP_REL_LESS       shift, and go to state 111
    TK_OP_REL_GREATER    shift, and go to state 112
    TK_OP_REL_EQLESS     shift, and go to state 113
    TK_OP_REL_EQGREATER  shift, and go to state 114
    TK_OP_REL_EQ         shift, and go to state 115
    TK_OP_REL_DIFF       shift, and go to state 116
    TK_OP_LOGIC_AND      shift, and go to state 117
    TK_OP_LOGIC_OR       shift, and go to state 118
    TK_OP_BIN_AND        shift, and go to state 119
    TK_OP_BIN_OR         shift, and go to state 120
    TK_OP_BIN_XOR        shift, and go to state 121
    TK_OP_BIN_SHIFTR     shift, and go to state 122
    TK_OP_BIN_SHIFTL     shift, and go to state 123
    ')'                  shift, and go to state 172


state 171

   22 IF: TK_IF '(' E ')' COMMAND TK_ELSE . COMMAND

    TK_INT                shift, and go to state 46
    TK_FLOAT              shift, and go to state 47
    TK_SCIENTIFIC         shift, and go to state 48
    TK_CHAR               shift, and go to state 49
    TK_STRING             shift, and go to state 50
    TK_BOOL               shift, and go to state 51
    TK_ID                 shift, and go to state 52
    TK_TYPE_CHAR          shift, and go to state 5
    TK_TYPE_STRING        shift, and go to state 6
    TK_TYPE_INT           shift, and go to state 53
    TK_TYPE_VOID          shift, and go to state 8
    TK_TYPE_FLOAT         shift, and go to state 9
    TK_TYPE_DOUBLE        shift, and go to state 10
    TK_TYPE_BOOL          shift, and go to state 11
    TK_MODIFIER_UNSIGNED  shift, and go to state 12
    TK_MODIFIER_SIGNED    shift, and go to state 13
    TK_MODIFIER_SHORT     shift, and go to state 14
    TK_MODIFIER_LONG      shift, and go to state 15
    TK_OP_SUM             shift, and go to state 54
    TK_OP_SUB             shift, and go to state 55
    TK_OP_LOGIC_NOT       shift, and go to state 56
    TK_OP_BIN_NOT         shift, and go to state 57
    TK_RETURN             shift, and go to state 58
    TK_COUT               shift, and go to state 59
    TK_IF                 shift, and go to state 60
    TK_WHILE              shift, and go to state 61
    TK_DO                 shift, and go to state 62
    TK_OP_INCREASE        shift, and go to state 63
    '('                   shift, and go to state 64
    '{'                   shift, and go to state 32
    ';'                   shift, and go to state 65

    SCOPE          go to state 66
    BEGIN_SCOPE    go to state 34
    COMMAND        go to state 173
    RETURN         go to state 70
    IF             go to state 71
    WHILE          go to state 72
    DO_WHILE       go to state 73
    E              go to state 74
    INCREASE       go to state 75
    PREV_INCREASE  go to state 76
    ATTRIBUITION   go to state 77
    OP_ASSIGN      go to state 78
    COUT           go to state 79
    DECLARATION    go to state 80
    TYPE           go to state 18
    TERMINAL       go to state 81
    SIGNAL         go to state 82


state 172

   24 DO_WHILE: TK_DO COMMAND TK_WHILE '(' E ')' . ';'

    ';'  shift, and go to state 174


state 173

   22 IF: TK_IF '(' E ')' COMMAND TK_ELSE COMMAND .

    $default  reduce using rule 22 (IF)


state 174

   24 DO_WHILE: TK_DO COMMAND TK_WHILE '(' E ')' ';' .

    $default  reduce using rule 24 (DO_WHILE)
